<?xml version="1.0" encoding="UTF-8"?>
<testsuite xmlns:xsi="http://www.w3.org/2001/XMLSchema-instance" xsi:noNamespaceSchemaLocation="https://maven.apache.org/surefire/maven-surefire-plugin/xsd/surefire-test-report-3.0.xsd" version="3.0" name="com.example.tests.FullFlowTest" time="3.369" tests="5" errors="0" skipped="0" failures="0">
  <properties>
[...]
</properties>
  <testcase name="passo1_criarAdministrador" classname="com.example.tests.FullFlowTest" time="1.019"/>
  <testcase name="passo2_loginAdministrador_extrairToken" classname="com.example.tests.FullFlowTest" time="0.645"/>
  <testcase name="passo3_cadastrarProduto_comAdmin" classname="com.example.tests.FullFlowTest" time="0.352"/>
  <testcase name="passo4_criarUsuarioComum" classname="com.example.tests.FullFlowTest" time="0.332"/>
  <testcase name="passo5_buscarProdutos_e_verificarProdutoCriado" classname="com.example.tests.FullFlowTest" time="0.765"/>
</testsuite>