<?xml version="1.0" encoding="UTF-8"?>
<testsuite xmlns:xsi="http://www.w3.org/2001/XMLSchema-instance" xsi:noNamespaceSchemaLocation="https://maven.apache.org/surefire/maven-surefire-plugin/xsd/surefire-test-report-3.0.xsd" version="3.0" name="com.example.tests.GetProdutosTest" time="3.055" tests="1" errors="0" skipped="0" failures="0">
  <properties>
[...]
</properties>
  <testcase name="deveListarProdutoCriado" classname="com.example.tests.GetProdutosTest" time="3.055">
    <system-out><![CDATA[Request method:	POST
Request URI:	https://serverest.dev/login
Proxy:			<none>
Request params:	<none>
Query params:	<none>
Form params:	<none>
Path params:	<none>
Headers:		Accept=*/*
				Content-Type=application/json
Cookies:		<none>
Multiparts:		<none>
Body:
{
    "email": "adminGetProduto1765409097394@test.com",
    "password": "1234"
}
HTTP/1.1 200 OK
access-control-allow-origin: *
x-dns-prefetch-control: off
x-frame-options: SAMEORIGIN
strict-transport-security: max-age=15552000; includeSubDomains
x-download-options: noopen
x-content-type-options: nosniff
x-xss-protection: 1; mode=block
content-type: application/json; charset=utf-8
x-cloud-trace-context: 79b9af5a99722d9c2728c98a37b2fde6
date: Wed, 10 Dec 2025 23:24:55 GMT
server: Google Frontend
Content-Length: 296

{
    "message": "Login realizado com sucesso",
    "authorization": "Bearer eyJhbGciOiJIUzI1NiIsInR5cCI6IkpXVCJ9.eyJlbWFpbCI6ImFkbWluR2V0UHJvZHV0bzE3NjU0MDkwOTczOTRAdGVzdC5jb20iLCJwYXNzd29yZCI6IjEyMzQiLCJpYXQiOjE3NjU0MDkwOTUsImV4cCI6MTc2NTQwOTY5NX0.X5cm02PAOin7I6Y9fTsFkbTmAA1gScxR_Htb48QypT0"
}
Request method:	POST
Request URI:	https://serverest.dev/produtos
Proxy:			<none>
Request params:	<none>
Query params:	<none>
Form params:	<none>
Path params:	<none>
Headers:		Authorization=Bearer eyJhbGciOiJIUzI1NiIsInR5cCI6IkpXVCJ9.eyJlbWFpbCI6ImFkbWluR2V0UHJvZHV0bzE3NjU0MDkwOTczOTRAdGVzdC5jb20iLCJwYXNzd29yZCI6IjEyMzQiLCJpYXQiOjE3NjU0MDkwOTUsImV4cCI6MTc2NTQwOTY5NX0.X5cm02PAOin7I6Y9fTsFkbTmAA1gScxR_Htb48QypT0
				Accept=*/*
				Content-Type=application/json
Cookies:		<none>
Multiparts:		<none>
Body:
{
    "nome": "Produto GET QA",
    "preco": 500,
    "descricao": "Teste GET",
    "quantidade": 10
}
HTTP/1.1 201 Created
access-control-allow-origin: *
x-dns-prefetch-control: off
x-frame-options: SAMEORIGIN
strict-transport-security: max-age=15552000; includeSubDomains
x-download-options: noopen
x-content-type-options: nosniff
x-xss-protection: 1; mode=block
content-type: application/json; charset=utf-8
x-cloud-trace-context: 954dd01d51c68e44540d6f8a96bacf26
date: Wed, 10 Dec 2025 23:24:55 GMT
server: Google Frontend
Content-Length: 82

{
    "message": "Cadastro realizado com sucesso",
    "_id": "H30LHrE8lhq7DZct"
}
Request method:	GET
Request URI:	https://serverest.dev/produtos
Proxy:			<none>
Request params:	<none>
Query params:	<none>
Form params:	<none>
Path params:	<none>
Headers:		Accept=*/*
Cookies:		<none>
Multiparts:		<none>
Body:			<none>
HTTP/1.1 200 OK
access-control-allow-origin: *
x-dns-prefetch-control: off
x-frame-options: SAMEORIGIN
strict-transport-security: max-age=15552000; includeSubDomains
x-download-options: noopen
x-content-type-options: nosniff
x-xss-protection: 1; mode=block
content-type: application/json; charset=utf-8
x-cloud-trace-context: b0e65ebee723efebd42c22ad8e94f113
date: Wed, 10 Dec 2025 23:24:55 GMT
server: Google Frontend
Content-Length: 149639

{
    "quantidade": 581,
    "produtos": [
        {
            "nome": "Ergonomic Metal Pizza",
            "preco": 107,
            "descricao": "Ergonomic Chair made with Plastic for all-day hot support",
            "quantidade": 2,
            "_id": "0VndOz7U7zUtoKCu"
        },
        {
            "nome": "Tasty Gold Gloves",
            "preco": 107,
            "descricao": "The sleek and trim Pants comes with ivory LED lighting for smart functionality",
            "quantidade": 0,
            "_id": "0XSfGosRtq71ok25"
        },
        {
            "nome": "Oriental Plastic Chair",
            "preco": 107,
            "descricao": "Discover the dog-like agility of our Salad, perfect for rapid users",
            "quantidade": 2,
            "_id": "0fEtGgxqNzUJlmdN"
        },
        {
            "nome": "Practical Steel Car - Atualizado",
            "preco": 107,
            "descricao": "Kunde - DuBuque's most advanced Pizza technology increases experienced capabilities (rev)",
            "quantidade": 3,
            "_id": "0iidXTM20Ag95bIq"
        },
        {
            "nome": "Generic Ceramic Bacon",
            "preco": 107,
            "descricao": "Our koala-friendly Towels ensures celebrated comfort for your pets",
            "quantidade": 3,
            "_id": "0tbBpR8CI0R7WFyP"
        },
        {
            "nome": "Recycled Aluminum Salad - Atualizado",
            "preco": 107,
            "descricao": "Featuring Palladium-enhanced technology, our Gloves offers unparalleled rectangular performance (rev)",
            "quantidade": 3,
            "_id": "0w9T1A3QoqRNuH6F"
        },
        {
            "nome": "Handmade Silk Cheese",
            "preco": 100,
            "descricao": "The sleek and frozen Pants comes with yellow LED lighting for smart functionality",
            "quantidade": 10,
            "_id": "0y8m4kDRzstdXc8W"
        },
        {
            "nome": "Luxurious Wooden Chips",
            "preco": 107,
            "descricao": "Kris, Marks and Brekke's most advanced Chair technology increases stable capabilities",
            "quantidade": 10,
            "_id": "18GM6eHnjYcLB37l"
        },
        {
            "nome": "Intelligent Metal Table",
            "preco": 107,
            "descricao": "Savor the crunchy essence in our Chicken, designed for forceful culinary adventures",
            "quantidade": 2,
            "_id": "1T8BWWPRZGP0Znze"
        },
        {
            "nome": "Generic Rubber Pants",
            "preco": 107,
            "descricao": "The tan Tuna combines Cyprus aesthetics with Nickel-based durability",
            "quantidade": 3,
            "_id": "1Y8RYl7nvsqTJ2WE"
        },
        {
            "nome": "Recycled Metal Chair",
            "preco": 107,
            "descricao": "The grey Tuna combines Guyana aesthetics with Berkelium-based durability",
            "quantidade": 7,
            "_id": "1al8xWRAfowWpzjB"
        },
        {
            "nome": "Elegant Aluminum Hat",
            "preco": 107,
            "descricao": "The sleek and late Car comes with lavender LED lighting for smart functionality",
            "quantidade": 10,
            "_id": "1f2gcnTbC4lf7PVk"
        },
        {
            "nome": "Handmade Bamboo Bike",
            "preco": 107,
            "descricao": "Discover the dog-like agility of our Chair, perfect for spotless users",
            "quantidade": 2,
            "_id": "1qpTpZuM3ylkCc8Z"
        },
        {
            "nome": "Recycled Ceramic Car",
            "preco": 300,
            "descricao": "New Table model with 54 GB RAM, 753 GB storage, and lighthearted features",
            "quantidade": 3,
            "_id": "249EE07jfPu5xdpJ"
        },
        {
            "nome": "Tasty Steel Mouse",
            "preco": 107,
            "descricao": "Professional-grade Chair perfect for grown training and recreational use",
            "quantidade": 9,
            "_id": "24gtbuvV0UILeePi"
        },
        {
            "nome": "FiltroProd-1765399697903 - Único",
            "preco": 150,
            "descricao": "The sleek and supportive Cheese comes with olive LED lighting for smart functionality",
            "quantidade": 3,
            "_id": "2JOjWua0kbPXGPvK"
        },
        {
            "nome": "Small Metal Computer",
            "preco": 107,
            "descricao": "Featuring Mercury-enhanced technology, our Bacon offers unparalleled impeccable performance",
            "quantidade": 3,
            "_id": "2LrTtEtKAovPSOCc"
        },
        {
            "nome": "Recycled Metal Ball",
            "preco": 107,
            "descricao": "Stylish Mouse designed to make you stand out with worldly looks",
            "quantidade": 2,
            "_id": "2hOHuaHY2OU9h2jH"
        },
        {
            "nome": "Sleek Cotton Mouse",
            "preco": 107,
            "descricao": "The Realigned exuding circuit Chicken offers reliable performance and timely design",
            "quantidade": 0,
            "_id": "2hkUNHkrwPUnt76T"
        },
        {
            "nome": "Gorgeous Silk Table",
            "preco": 107,
            "descricao": "The Bethany Car is the latest in a series of admired products from Rice Group",
            "quantidade": 3,
            "_id": "2jp7Kk9xEiBgOrmn"
        },
        {
            "nome": "Electronic Granite Bike",
            "preco": 107,
            "descricao": "Oriental Cheese designed with Bamboo for cheap performance",
            "quantidade": 7,
            "_id": "2nWIR1JPvYim7Hfh"
        },
        {
            "nome": "Practical Bamboo Computer",
            "preco": 107,
            "descricao": "The Adonis Cheese is the latest in a series of weighty products from O'Reilly Group",
            "quantidade": 9,
            "_id": "319KpNQNnt2q0ddT"
        },
        {
            "nome": "Awesome Concrete Car",
            "preco": 107,
            "descricao": "Featuring Tellurium-enhanced technology, our Computer offers unparalleled powerful performance",
            "quantidade": 3,
            "_id": "32WPVrokoocHsGdM"
        },
        {
            "nome": "Electronic Wooden Car",
            "preco": 107,
            "descricao": "Innovative Fish featuring weighty technology and Rubber construction",
            "quantidade": 9,
            "_id": "34E6UqX6dHSbpVdn"
        },
        {
            "nome": "Unbranded Metal Mouse",
            "preco": 107,
            "descricao": "Handcrafted Car designed with Marble for enchanting performance",
            "quantidade": 9,
            "_id": "3Ml9RXXB0Y8TQEP3"
        },
        {
            "nome": "Bespoke Metal Bike",
            "preco": 107,
            "descricao": "The Triple-buffered leading edge strategy Hat offers reliable performance and awful design",
            "quantidade": 3,
            "_id": "3PQacSDLB6nyKVtr"
        },
        {
            "nome": "Luxurious Wooden Hat",
            "preco": 107,
            "descricao": "Discover the hamster-like agility of our Gloves, perfect for unusual users",
            "quantidade": 0,
            "_id": "3SPQSb4QB4XOQnt2"
        },
        {
            "nome": "Juanita",
            "preco": 199,
            "descricao": "Produto atualizado via PUT e ID gerado",
            "quantidade": 1,
            "_id": "3YJ6v2eyEKIpbsPd"
        },
        {
            "nome": "Generic Metal Ball",
            "preco": 107,
            "descricao": "Our golden-inspired Cheese brings a taste of luxury to your unlucky lifestyle",
            "quantidade": 3,
            "_id": "3ZbAVzGT515Orn4s"
        },
        {
            "nome": "Fantastic Bamboo Hat",
            "preco": 107,
            "descricao": "The Fully-configurable asynchronous circuit Ball offers reliable performance and next design",
            "quantidade": 9,
            "_id": "3d2MkT5w3BKxkIlp"
        },
        {
            "nome": "Rustic Silk Chips",
            "preco": 300,
            "descricao": "Stylish Car designed to make you stand out with runny looks",
            "quantidade": 3,
            "_id": "3lkYo9XOVosFfPt1"
        },
        {
            "nome": "Modern Marble Tuna",
            "preco": 107,
            "descricao": "The sleek and enchanted Chips comes with olive LED lighting for smart functionality",
            "quantidade": 2,
            "_id": "3oYEEQGt1jMHDXpv"
        },
        {
            "nome": "Small Concrete Keyboard",
            "preco": 107,
            "descricao": "Featuring Phosphorus-enhanced technology, our Hat offers unparalleled tame performance",
            "quantidade": 7,
            "_id": "3occA7mQIBp6U9S9"
        },
        {
            "nome": "Tasty Ceramic Soap",
            "preco": 107,
            "descricao": "The sky blue Salad combines North Macedonia aesthetics with Nitrogen-based durability",
            "quantidade": 9,
            "_id": "4Fp7VH5dtrSMdA1A"
        },
        {
            "nome": "Generic Rubber Shoes",
            "preco": 107,
            "descricao": "Our rabbit-friendly Computer ensures criminal comfort for your pets",
            "quantidade": 3,
            "_id": "4KWutApB5K0cbKpv"
        },
        {
            "nome": "FiltroProd-1765396688402 - Único",
            "preco": 150,
            "descricao": "The sleek and royal Gloves comes with plum LED lighting for smart functionality",
            "quantidade": 3,
            "_id": "4MPSxxo35DrgBWRt"
        },
        {
            "nome": "Soft Silk Pants",
            "preco": 107,
            "descricao": "New azure Salad with ergonomic design for outstanding comfort",
            "quantidade": 2,
            "_id": "4QN9hJkehCR9C2uJ"
        },
        {
            "nome": "Recycled Rubber Bike",
            "preco": 107,
            "descricao": "Innovative Table featuring unwieldy technology and Aluminum construction",
            "quantidade": 3,
            "_id": "4TTlaNS59qLktVMa"
        },
        {
            "nome": "Handmade Wooden Shirt",
            "preco": 300,
            "descricao": "Stylish Gloves designed to make you stand out with rigid looks",
            "quantidade": 3,
            "_id": "4UPtrYnKWEdPq55L"
        },
        {
            "nome": "Bespoke Silk Table",
            "preco": 107,
            "descricao": "Ergonomic Keyboard made with Concrete for all-day strict support",
            "quantidade": 3,
            "_id": "4afVe71eew5jGmN0"
        },
        {
            "nome": "Luxurious Rubber Car",
            "preco": 107,
            "descricao": "Featuring Arsenic-enhanced technology, our Sausages offers unparalleled political performance",
            "quantidade": 7,
            "_id": "4eVd3LyTNN8t5YrG"
        },
        {
            "nome": "Sleek Cotton Bike",
            "preco": 300,
            "descricao": "Discover the snake-like agility of our Ball, perfect for odd users",
            "quantidade": 3,
            "_id": "4zfJY03ez2B1hlUP"
        },
        {
            "nome": "Handcrafted Granite Keyboard",
            "preco": 150,
            "descricao": "Ergonomic Soap made with Steel for all-day neglected support",
            "quantidade": 3,
            "_id": "54klCLHT5LkVquS6"
        },
        {
            "nome": "Soft Gold Fish",
            "preco": 107,
            "descricao": "The magenta Chips combines Jersey aesthetics with Gadolinium-based durability",
            "quantidade": 10,
            "_id": "56uL505L4169DVQp"
        },
        {
            "nome": "FiltroProd-1765395649441 - B",
            "preco": 200,
            "descricao": "Discover the dog-like agility of our Cheese, perfect for nimble users",
            "quantidade": 3,
            "_id": "5DIN9TprK6KnYUzI"
        },
        {
            "nome": "Practical Aluminum Sausages",
            "preco": 107,
            "descricao": "Discover the mealy new Tuna with an exciting mix of Ceramic ingredients",
            "quantidade": 2,
            "_id": "5Dad84CrtUWEEocL"
        },
        {
            "nome": "Intelligent Rubber Tuna",
            "preco": 300,
            "descricao": "New Cheese model with 35 GB RAM, 913 GB storage, and wicked features",
            "quantidade": 3,
            "_id": "5ELEvYP8isNt49JH"
        },
        {
            "nome": "Elegant Aluminum Towels",
            "preco": 107,
            "descricao": "Introducing the Bosnia and Herzegovina-inspired Mouse, blending infatuated style with local craftsmanship",
            "quantidade": 10,
            "_id": "5PzlBKS945As3Uwb"
        },
        {
            "nome": "Ergonomic Bamboo Chicken",
            "preco": 100,
            "descricao": "The Lila Pizza is the latest in a series of sticky products from Jacobson, Schimmel and Cremin",
            "quantidade": 10,
            "_id": "5V1KtXyIUm1FtpS9"
        },
        {
            "nome": "Unbranded Bamboo Tuna",
            "preco": 107,
            "descricao": "Professional-grade Towels perfect for confused training and recreational use",
            "quantidade": 3,
            "_id": "5pQ7PR0Dji1wJkOs"
        },
        {
            "nome": "Elegant Plastic Cheese",
            "preco": 107,
            "descricao": "Ergonomic Cheese made with Steel for all-day vague support",
            "quantidade": 3,
            "_id": "5rJkJJw5sKeVJZwc"
        },
        {
            "nome": "Licensed Marble Mouse",
            "preco": 107,
            "descricao": "Experience the orange brilliance of our Bike, perfect for stingy environments",
            "quantidade": 2,
            "_id": "63KqYPla4UQ3sMDy"
        },
        {
            "nome": "Tasty Wooden Table",
            "preco": 107,
            "descricao": "Savor the moist essence in our Keyboard, designed for outrageous culinary adventures",
            "quantidade": 2,
            "_id": "63qsGOSEPrSkU7ol"
        },
        {
            "nome": "Generic Bronze Cheese",
            "preco": 107,
            "descricao": "Experience the ivory brilliance of our Shirt, perfect for damp environments",
            "quantidade": 3,
            "_id": "6AJXnhLe3Kwf5fvU"
        },
        {
            "nome": "Sleek Silk Soap",
            "preco": 150,
            "descricao": "The Alice Shirt is the latest in a series of idealistic products from Wilkinson - Kunze",
            "quantidade": 3,
            "_id": "6Pn0D2PsNuUUzp0F"
        },
        {
            "nome": "Ergonomic Bamboo Hat",
            "preco": 107,
            "descricao": "The Integrated data-driven adapter Chips offers reliable performance and quarrelsome design",
            "quantidade": 2,
            "_id": "6QoSz53fzcTXqfcv"
        },
        {
            "nome": "Intelligent Aluminum Ball",
            "preco": 107,
            "descricao": "Our hamster-friendly Chair ensures jumbo comfort for your pets",
            "quantidade": 2,
            "_id": "6aMUHA1v8blD39J9"
        },
        {
            "nome": "Incredible Concrete Computer",
            "preco": 107,
            "descricao": "Discover the rhinoceros-like agility of our Gloves, perfect for grave users",
            "quantidade": 9,
            "_id": "6d0K8v9nuHqK4EAp"
        },
        {
            "nome": "Awesome Bamboo Bacon",
            "preco": 107,
            "descricao": "Our hippopotamus-friendly Cheese ensures tender comfort for your pets",
            "quantidade": 0,
            "_id": "6jSmET3cPPrdzIRt"
        },
        {
            "nome": "Fantastic Wooden Computer",
            "preco": 107,
            "descricao": "The orange Table combines South Sudan aesthetics with Californium-based durability",
            "quantidade": 9,
            "_id": "6lTODDawsP0gNITW"
        },
        {
            "nome": "Incredible Silk Mouse",
            "preco": 107,
            "descricao": "Our giraffe-friendly Computer ensures amused comfort for your pets",
            "quantidade": 2,
            "_id": "6oy0KvLUEFYgiTyR"
        },
        {
            "nome": "Licensed Cotton Bacon",
            "preco": 107,
            "descricao": "Experience the olive brilliance of our Fish, perfect for happy environments",
            "quantidade": 3,
            "_id": "6pu1kkdV1LhuVH9I"
        },
        {
            "nome": "Modern Concrete Soap",
            "preco": 107,
            "descricao": "Introducing the Germany-inspired Towels, blending decent style with local craftsmanship",
            "quantidade": 9,
            "_id": "71fX1VjWMpgF1Q2N"
        },
        {
            "nome": "Fantastic Steel Gloves",
            "preco": 470,
            "descricao": "Mouse",
            "quantidade": 8,
            "_id": "77Lm5kHbbo6ejs8J"
        },
        {
            "nome": "Frozen Silk Bacon",
            "preco": 107,
            "descricao": "Innovative Hat featuring elementary technology and Plastic construction",
            "quantidade": 3,
            "_id": "7AXxfMbACaEkNZZa"
        },
        {
            "nome": "Handcrafted Bamboo Bike",
            "preco": 150,
            "descricao": "Renner, Kuhn and Heller's most advanced Table technology increases subtle capabilities",
            "quantidade": 3,
            "_id": "7VdfXBg8S015LQNc"
        },
        {
            "nome": "Refined Metal Hat",
            "preco": 107,
            "descricao": "New azure Bike with ergonomic design for definitive comfort",
            "quantidade": 2,
            "_id": "88mBU1NBKZTMyf30"
        },
        {
            "nome": "Small Gold Mouse",
            "preco": 470,
            "descricao": "Mouse",
            "quantidade": 8,
            "_id": "8CiBbLCfWo0k9rlk"
        },
        {
            "nome": "Tasty Rubber Chicken",
            "preco": 107,
            "descricao": "The Profound radical portal Table offers reliable performance and optimistic design",
            "quantidade": 3,
            "_id": "8NHifKjs6z4RvHGA"
        },
        {
            "nome": "Sigmund",
            "preco": 199,
            "descricao": "Produto atualizado via PUT e ID gerado",
            "quantidade": 1,
            "_id": "8QA6aGpZb3qhYcyS"
        },
        {
            "nome": "Elegant Steel Keyboard",
            "preco": 107,
            "descricao": "Discover the incomparable new Towels with an exciting mix of Bamboo ingredients",
            "quantidade": 3,
            "_id": "8WFk0pRv53N663L5"
        },
        {
            "nome": "Oriental Rubber Cheese",
            "preco": 107,
            "descricao": "Stylish Chair designed to make you stand out with stark looks",
            "quantidade": 10,
            "_id": "8aQyUanbeOBtomuP"
        },
        {
            "nome": "Bespoke Granite Car",
            "preco": 107,
            "descricao": "Savor the crispy essence in our Soap, designed for strange culinary adventures",
            "quantidade": 10,
            "_id": "8hPSMAaO7coER8c8"
        },
        {
            "nome": "Electronic Silk Shirt",
            "preco": 107,
            "descricao": "Stylish Shirt designed to make you stand out with swift looks",
            "quantidade": 10,
            "_id": "8w5mVjUmcUDnmBg8"
        },
        {
            "nome": "Handmade Plastic Bike",
            "preco": 107,
            "descricao": "Innovative Car featuring pastel technology and Steel construction",
            "quantidade": 2,
            "_id": "905DbTO9VOt6ITeH"
        },
        {
            "nome": "Sleek Cotton Chair",
            "preco": 300,
            "descricao": "The plum Fish combines Macao aesthetics with Indium-based durability",
            "quantidade": 3,
            "_id": "94Q1hv4IqEk0Ikvg"
        },
        {
            "nome": "Fantastic Marble Salad",
            "preco": 107,
            "descricao": "Ergonomic Chips made with Plastic for all-day imaginative support",
            "quantidade": 3,
            "_id": "96illnRH0MVogV60"
        },
        {
            "nome": "Generic Silk Chicken",
            "preco": 107,
            "descricao": "Ergonomic Mouse made with Metal for all-day thorny support",
            "quantidade": 3,
            "_id": "980ngK3Etdv2dz7a"
        },
        {
            "nome": "Ergonomic Bronze Pizza",
            "preco": 107,
            "descricao": "Soft Bacon designed with Bamboo for uncomfortable performance",
            "quantidade": 2,
            "_id": "9MVETRmI9H2WDQh9"
        },
        {
            "nome": "Generic Silk Keyboard",
            "preco": 107,
            "descricao": "Introducing the Cape Verde-inspired Chicken, blending smart style with local craftsmanship",
            "quantidade": 2,
            "_id": "9YXPECR6KETIYctu"
        },
        {
            "nome": "Elegant Cotton Sausages",
            "preco": 107,
            "descricao": "New red Sausages with ergonomic design for blushing comfort",
            "quantidade": 7,
            "_id": "9wTBsx2ZnJygK0Kd"
        },
        {
            "nome": "Fantastic Plastic Bacon",
            "preco": 107,
            "descricao": "Discover the penguin-like agility of our Computer, perfect for urban users",
            "quantidade": 7,
            "_id": "A2L0sKgRaP4A8Ugk"
        },
        {
            "nome": "Electronic Bronze Chicken",
            "preco": 107,
            "descricao": "The Centralized systemic knowledge user Ball offers reliable performance and fatal design",
            "quantidade": 9,
            "_id": "A2PfHYSdcelO7JNf"
        },
        {
            "nome": "Bespoke Gold Gloves",
            "preco": 107,
            "descricao": "The Stan Soap is the latest in a series of splendid products from Nienow, Wisoky and Satterfield",
            "quantidade": 7,
            "_id": "ACugcKiEvf5QazXH"
        },
        {
            "nome": "Sleek Gold Keyboard",
            "preco": 107,
            "descricao": "Discover the tiger-like agility of our Table, perfect for impure users",
            "quantidade": 2,
            "_id": "AHY56OVI4PedbHPR"
        },
        {
            "nome": "Bespoke Wooden Pants",
            "preco": 107,
            "descricao": "Ergonomic Cheese made with Rubber for all-day unique support",
            "quantidade": 10,
            "_id": "AHvKmNr4mIisPeJt"
        },
        {
            "nome": "Fresh Metal Hat",
            "preco": 107,
            "descricao": "Soft Sausages designed with Marble for alive performance",
            "quantidade": 7,
            "_id": "AJgXKu3ThdIjelKa"
        },
        {
            "nome": "Refined Wooden Cheese",
            "preco": 470,
            "descricao": "Mouse",
            "quantidade": 8,
            "_id": "AVFYMZQ4wkG4Qqo3"
        },
        {
            "nome": "Licensed Metal Shirt",
            "preco": 107,
            "descricao": "Walker - Quitzon's most advanced Ball technology increases triangular capabilities",
            "quantidade": 3,
            "_id": "AVKS1INF1Mg4USmq"
        },
        {
            "nome": "Awesome Bronze Hat",
            "preco": 107,
            "descricao": "The Polarised fault-tolerant neural-net Pants offers reliable performance and hurtful design",
            "quantidade": 9,
            "_id": "AXYWuWy2JLasxUXF"
        },
        {
            "nome": "Rustic Wooden Shirt - Atualizado",
            "preco": 107,
            "descricao": "Ergonomic Gloves made with Bamboo for all-day scornful support (rev)",
            "quantidade": 3,
            "_id": "AmzIzcYPWCJpXHGp"
        },
        {
            "nome": "Small Metal Shirt",
            "preco": 107,
            "descricao": "New Cheese model with 79 GB RAM, 830 GB storage, and superb features",
            "quantidade": 10,
            "_id": "AzuRR5OlipagFPTI"
        },
        {
            "nome": "Luxurious Metal Salad",
            "preco": 300,
            "descricao": "Savor the crunchy essence in our Chicken, designed for windy culinary adventures",
            "quantidade": 3,
            "_id": "B1JZVrn9e4tNs4r7"
        },
        {
            "nome": "Practical Aluminum Pizza",
            "preco": 107,
            "descricao": "Discover the frightened new Towels with an exciting mix of Ceramic ingredients",
            "quantidade": 2,
            "_id": "B51qxoNbWd09G0ij"
        },
        {
            "nome": "Recycled Concrete Shirt - Atualizado",
            "preco": 107,
            "descricao": "Introducing the Mongolia-inspired Pants, blending lively style with local craftsmanship (rev)",
            "quantidade": 3,
            "_id": "B6GGaNuYMfJfEN47"
        },
        {
            "nome": "Licensed Marble Hat",
            "preco": 107,
            "descricao": "The Configurable tertiary open architecture Cheese offers reliable performance and careless design",
            "quantidade": 2,
            "_id": "BBGBff4zuhHOzWnO"
        },
        {
            "nome": "Refined Gold Sausages",
            "preco": 107,
            "descricao": "Our koala-friendly Bacon ensures filthy comfort for your pets",
            "quantidade": 3,
            "_id": "BQ0tZTkN8UC7cXgv"
        },
        {
            "nome": "Ergonomic Plastic Pants",
            "preco": 107,
            "descricao": "The sleek and first Chair comes with ivory LED lighting for smart functionality",
            "quantidade": 2,
            "_id": "BeT41N33DwesRB5V"
        },
        {
            "nome": "Logitech MX Vertical",
            "preco": 470,
            "descricao": "Mouse",
            "quantidade": 364,
            "_id": "BeeJh5lz3k6kSIzA"
        },
        {
            "nome": "Oriental Plastic Shoes",
            "preco": 107,
            "descricao": "Our delicious-inspired Salad brings a taste of luxury to your heavenly lifestyle",
            "quantidade": 3,
            "_id": "BgH6rNE3zHbkDx4S"
        },
        {
            "nome": "Handcrafted Bamboo Chips",
            "preco": 107,
            "descricao": "Discover the pleased new Chicken with an exciting mix of Gold ingredients",
            "quantidade": 3,
            "_id": "BjVAKMv5GtAVt3EV"
        },
        {
            "nome": "Generic Metal Hat",
            "preco": 107,
            "descricao": "The lime Salad combines Mongolia aesthetics with Aluminium-based durability",
            "quantidade": 10,
            "_id": "BlsyKplROqveFfOP"
        },
        {
            "nome": "Sleek Bamboo Pants",
            "preco": 107,
            "descricao": "The teal Keyboard combines Guinea-Bissau aesthetics with Technetium-based durability",
            "quantidade": 10,
            "_id": "Bn6d8tZp3dItP7BD"
        },
        {
            "nome": "Gorgeous Steel Bacon",
            "preco": 107,
            "descricao": "New tan Shoes with ergonomic design for gracious comfort",
            "quantidade": 3,
            "_id": "BqG7sTUQlv51QKix"
        },
        {
            "nome": "Generic Aluminum Chair",
            "preco": 107,
            "descricao": "Savor the fresh essence in our Gloves, designed for ripe culinary adventures",
            "quantidade": 7,
            "_id": "BuSj9dfhC1opAJBd"
        },
        {
            "nome": "Elegant Wooden Sausages",
            "preco": 107,
            "descricao": "Professional-grade Shirt perfect for warlike training and recreational use",
            "quantidade": 3,
            "_id": "Bud2L4aRlSZroY0Z"
        },
        {
            "nome": "Generic Ceramic Bike",
            "preco": 107,
            "descricao": "New white Chicken with ergonomic design for parallel comfort",
            "quantidade": 2,
            "_id": "Bx8wEtDlOEqYm62A"
        },
        {
            "nome": "Frozen Bronze Car",
            "preco": 107,
            "descricao": "New Ball model with 34 GB RAM, 817 GB storage, and negative features",
            "quantidade": 3,
            "_id": "C1C9HNevvz2B5oaZ"
        },
        {
            "nome": "Fresh Plastic Hat",
            "preco": 107,
            "descricao": "Experience the orchid brilliance of our Computer, perfect for posh environments",
            "quantidade": 10,
            "_id": "C3kZo9QNvae9fnbd"
        },
        {
            "nome": "FiltroProd-1765396556675 - Único",
            "preco": 150,
            "descricao": "Featuring Moscovium-enhanced technology, our Pants offers unparalleled tepid performance",
            "quantidade": 3,
            "_id": "CFsAoNYg2DCvd9gv"
        },
        {
            "nome": "Ergonomic Metal Computer",
            "preco": 107,
            "descricao": "Featuring Curium-enhanced technology, our Chips offers unparalleled gloomy performance",
            "quantidade": 3,
            "_id": "CXWNbwiF9Cf9jUFa"
        },
        {
            "nome": "Elegant Silk Shoes",
            "preco": 107,
            "descricao": "Experience the yellow brilliance of our Chips, perfect for miserable environments",
            "quantidade": 2,
            "_id": "Ca5l2EEYbw7Dforc"
        },
        {
            "nome": "Intelligent Rubber Keyboard",
            "preco": 107,
            "descricao": "Innovative Bike featuring utter technology and Plastic construction",
            "quantidade": 10,
            "_id": "Ch7qcnFpxRA2wfoD"
        },
        {
            "nome": "Modern Marble Pizza",
            "preco": 107,
            "descricao": "The sleek and everlasting Soap comes with indigo LED lighting for smart functionality",
            "quantidade": 3,
            "_id": "ChOQVUri2JXQtaCK"
        },
        {
            "nome": "Barney",
            "preco": 199,
            "descricao": "Produto atualizado via PUT e ID gerado",
            "quantidade": 1,
            "_id": "CyAMINwejYlIvFDa"
        },
        {
            "nome": "FiltroProd-1765395649441 - A",
            "preco": 107,
            "descricao": "Our hamster-friendly Cheese ensures confused comfort for your pets",
            "quantidade": 3,
            "_id": "D0SsCgqhYa27tHYZ"
        },
        {
            "nome": "Awesome Marble Cheese",
            "preco": 107,
            "descricao": "The sleek and mysterious Keyboard comes with salmon LED lighting for smart functionality",
            "quantidade": 10,
            "_id": "D4l0m2Q9NPPPUi9n"
        },
        {
            "nome": "Tasty Granite Pizza",
            "preco": 107,
            "descricao": "Experience the cyan brilliance of our Bike, perfect for formal environments",
            "quantidade": 3,
            "_id": "DEzYyrJLKaGs4Md9"
        },
        {
            "nome": "Elegant Granite Salad",
            "preco": 107,
            "descricao": "New purple Chair with ergonomic design for motionless comfort",
            "quantidade": 7,
            "_id": "DFyX6Lf2lXXv3dLH"
        },
        {
            "nome": "Rustic Gold Car",
            "preco": 300,
            "descricao": "The Jake Table is the latest in a series of wicked products from Lehner Inc",
            "quantidade": 3,
            "_id": "DLjpvwz7PYzHxo8a"
        },
        {
            "nome": "Awesome Silk Chicken",
            "preco": 150,
            "descricao": "Savor the zesty essence in our Bike, designed for jaunty culinary adventures",
            "quantidade": 3,
            "_id": "DMYL8EKp4HTvLlCb"
        },
        {
            "nome": "Recycled Marble Cheese",
            "preco": 107,
            "descricao": "New silver Bike with ergonomic design for last comfort",
            "quantidade": 3,
            "_id": "DOW4WtVrRrPtLqIo"
        },
        {
            "nome": "Handmade Ceramic Ball",
            "preco": 107,
            "descricao": "Professional-grade Ball perfect for gracious training and recreational use",
            "quantidade": 2,
            "_id": "Dmg8YQEZ4G119vAY"
        },
        {
            "nome": "Luxurious Ceramic Ball",
            "preco": 107,
            "descricao": "Discover the scared new Ball with an exciting mix of Granite ingredients",
            "quantidade": 7,
            "_id": "EAFdU7ShRnNehtZ0"
        },
        {
            "nome": "Oriental Silk Computer",
            "preco": 107,
            "descricao": "Featuring Germanium-enhanced technology, our Ball offers unparalleled inconsequential performance",
            "quantidade": 7,
            "_id": "EAeFIFghp1buN747"
        },
        {
            "nome": "Practical Bronze Chips",
            "preco": 150,
            "descricao": "Stylish Tuna designed to make you stand out with similar looks",
            "quantidade": 3,
            "_id": "ECCQGNaaHMxalhNy"
        },
        {
            "nome": "Awesome Gold Chips",
            "preco": 107,
            "descricao": "Professional-grade Towels perfect for lovely training and recreational use",
            "quantidade": 0,
            "_id": "EFnSukuANEu2LxAV"
        },
        {
            "nome": "Refined Ceramic Ball",
            "preco": 107,
            "descricao": "Our rich-inspired Towels brings a taste of luxury to your silky lifestyle",
            "quantidade": 9,
            "_id": "EOy2BdWq7gkrRhIZ"
        },
        {
            "nome": "Soft Steel Chips",
            "preco": 107,
            "descricao": "Introducing the Haiti-inspired Bike, blending portly style with local craftsmanship",
            "quantidade": 7,
            "_id": "EUxW8LpvDP73gzwE"
        },
        {
            "nome": "Awesome Cotton Chair",
            "preco": 107,
            "descricao": "Discover the first new Shirt with an exciting mix of Rubber ingredients",
            "quantidade": 2,
            "_id": "EVwhy4OcUl7v2sJ3"
        },
        {
            "nome": "Unbranded Silk Gloves",
            "preco": 107,
            "descricao": "Professional-grade Tuna perfect for stable training and recreational use",
            "quantidade": 2,
            "_id": "EXmRuvpQiSYWTtvV"
        },
        {
            "nome": "Produto API 1765408073901",
            "preco": 1000,
            "descricao": "Produto criado via teste automatizado de API",
            "quantidade": 3,
            "_id": "ElVAgtMUibbi8Inj"
        },
        {
            "nome": "Produto Carrinho 1765408061323",
            "preco": 200,
            "descricao": "Produto para teste de carrinho",
            "quantidade": 10,
            "_id": "Es9nNRj7Di5AhgCX"
        },
        {
            "nome": "Practical Aluminum Car",
            "preco": 107,
            "descricao": "Discover the snake-like agility of our Tuna, perfect for coarse users",
            "quantidade": 2,
            "_id": "Ez0aZci0CrOCIDms"
        },
        {
            "nome": "Produto-Dup-1765408685599",
            "preco": 470,
            "descricao": "Mouse",
            "quantidade": 381,
            "_id": "F0Fy6kcX54KDN67M"
        },
        {
            "nome": "Tasty Marble Cheese",
            "preco": 107,
            "descricao": "Ergonomic Cheese made with Silk for all-day assured support",
            "quantidade": 3,
            "_id": "F7AycoHT3WxgO477"
        },
        {
            "nome": "Bespoke Wooden Soap",
            "preco": 107,
            "descricao": "Practical Car designed with Plastic for dental performance",
            "quantidade": 7,
            "_id": "FZodu6NVHnH3eoKK"
        },
        {
            "nome": "Sleek Rubber Salad",
            "preco": 107,
            "descricao": "New maroon Pizza with ergonomic design for substantial comfort",
            "quantidade": 10,
            "_id": "Fcb3F1lnIsBb84XF"
        },
        {
            "nome": "Fantastic Silk Pants",
            "preco": 100,
            "descricao": "Discover the crocodile-like agility of our Towels, perfect for joyous users",
            "quantidade": 8,
            "_id": "Fj8djBmq6TFdLe6p"
        },
        {
            "nome": "Awesome Aluminum Gloves",
            "preco": 107,
            "descricao": "New olive Cheese with ergonomic design for back comfort",
            "quantidade": 3,
            "_id": "FkE8mt0UiF5I2m39"
        },
        {
            "nome": "Incredible Gold Ball",
            "preco": 107,
            "descricao": "Discover the annual new Keyboard with an exciting mix of Silk ingredients",
            "quantidade": 3,
            "_id": "FlKMbIjztu9pFDli"
        },
        {
            "nome": "Luxurious Metal Car",
            "preco": 107,
            "descricao": "Discover the turtle-like agility of our Gloves, perfect for infinite users",
            "quantidade": 3,
            "_id": "FolW9kptjNcBB6Ew"
        },
        {
            "nome": "Elegant Bamboo Fish",
            "preco": 107,
            "descricao": "New Hat model with 19 GB RAM, 254 GB storage, and fortunate features",
            "quantidade": 2,
            "_id": "Fs4H2UM9Hu9NwHAt"
        },
        {
            "nome": "Oriental Bamboo Bike",
            "preco": 107,
            "descricao": "New cyan Bacon with ergonomic design for long-term comfort",
            "quantidade": 10,
            "_id": "FyzRunZxxnH6Qrfs"
        },
        {
            "nome": "Frozen Granite Bacon",
            "preco": 107,
            "descricao": "Jacobi, Reichert and McCullough's most advanced Computer technology increases remarkable capabilities",
            "quantidade": 2,
            "_id": "G1MhBItW52vUeYcc"
        },
        {
            "nome": "Refined Bamboo Chips",
            "preco": 107,
            "descricao": "Elegant Ball designed with Plastic for elderly performance",
            "quantidade": 2,
            "_id": "G9WsR677Kof2GOR3"
        },
        {
            "nome": "Frozen Plastic Soap",
            "preco": 107,
            "descricao": "Bespoke Chicken designed with Bamboo for possible performance",
            "quantidade": 3,
            "_id": "GEGMG4yDAmXrT4Df"
        },
        {
            "nome": "Unbranded Gold Tuna",
            "preco": 107,
            "descricao": "New maroon Bike with ergonomic design for wiggly comfort",
            "quantidade": 10,
            "_id": "GLk9FhnN48ExHPoo"
        },
        {
            "nome": "q MX aaaa",
            "preco": 470,
            "descricao": "Mouse",
            "quantidade": 381,
            "_id": "GiHvmKGvGLqxMc47"
        },
        {
            "nome": "Oriental Gold Table",
            "preco": 107,
            "descricao": "Soft Sausages designed with Plastic for delectable performance",
            "quantidade": 3,
            "_id": "GueaBJd03t4PeoFm"
        },
        {
            "nome": "Luxurious Gold Bike",
            "preco": 150,
            "descricao": "Experience the white brilliance of our Chair, perfect for purple environments",
            "quantidade": 3,
            "_id": "GyreInPcHbsYuylX"
        },
        {
            "nome": "Frozen Plastic Tuna",
            "preco": 107,
            "descricao": "Stylish Chips designed to make you stand out with musty looks",
            "quantidade": 2,
            "_id": "H1ci0tyRig5p6Fyt"
        },
        {
            "nome": "Produto GET QA",
            "preco": 500,
            "descricao": "Teste GET",
            "quantidade": 10,
            "_id": "H30LHrE8lhq7DZct"
        },
        {
            "nome": "Generic Ceramic Soap",
            "preco": 470,
            "descricao": "Mouse",
            "quantidade": 8,
            "_id": "H4J3Vlq3m03oxxnF"
        },
        {
            "nome": "Handcrafted Silk Cheese",
            "preco": 107,
            "descricao": "The sleek and wobbly Tuna comes with ivory LED lighting for smart functionality",
            "quantidade": 7,
            "_id": "H62NRRo4C1dxthD4"
        },
        {
            "nome": "FiltroProd-1765408585201 - Unico",
            "preco": 150,
            "descricao": "Discover the meager new Bike with an exciting mix of Cotton ingredients",
            "quantidade": 3,
            "_id": "H7DSfIr2QuhXvYTD"
        },
        {
            "nome": "Frozen Granite Chair",
            "preco": 107,
            "descricao": "Featuring Osmium-enhanced technology, our Chair offers unparalleled white performance",
            "quantidade": 10,
            "_id": "HK0tMtyy5e4bDlHi"
        },
        {
            "nome": "Oriental Cotton Keyboard",
            "preco": 107,
            "descricao": "Savor the smoky essence in our Bacon, designed for old culinary adventures",
            "quantidade": 7,
            "_id": "HLiNgJzoCDsmMCHH"
        },
        {
            "nome": "Modern Silk Towels",
            "preco": 107,
            "descricao": "Our ostrich-friendly Cheese ensures weekly comfort for your pets",
            "quantidade": 7,
            "_id": "HTiqMsqkH0e6uMZR"
        },
        {
            "nome": "Small Gold Chair",
            "preco": 107,
            "descricao": "The salmon Ball combines Iran aesthetics with Molybdenum-based durability",
            "quantidade": 10,
            "_id": "HWoTfcebaDptGeou"
        },
        {
            "nome": "Graciela",
            "preco": 199,
            "descricao": "Produto atualizado via PUT e ID gerado",
            "quantidade": 1,
            "_id": "HaKemIF7zSE6ud5g"
        },
        {
            "nome": "Luxurious Metal Towels",
            "preco": 107,
            "descricao": "The salmon Cheese combines Saint Helena aesthetics with Vanadium-based durability",
            "quantidade": 10,
            "_id": "HgR7NXziLCalidfq"
        },
        {
            "nome": "Tasty Granite Chair",
            "preco": 107,
            "descricao": "New Tuna model with 80 GB RAM, 813 GB storage, and woeful features",
            "quantidade": 2,
            "_id": "Hiduij6tiJxI4aN9"
        },
        {
            "nome": "Refined Steel Sausages",
            "preco": 107,
            "descricao": "Stylish Chicken designed to make you stand out with ajar looks",
            "quantidade": 2,
            "_id": "HmFXTI7pEWunlxzH"
        },
        {
            "nome": "Recycled Wooden Computer",
            "preco": 107,
            "descricao": "Stylish Shoes designed to make you stand out with interesting looks",
            "quantidade": 9,
            "_id": "Hx93MARpDPppLzlN"
        },
        {
            "nome": "Ergonomic Metal Fish",
            "preco": 107,
            "descricao": "Ergonomic Shirt made with Aluminum for all-day well-documented support",
            "quantidade": 2,
            "_id": "Hxgf0moJKurTZ1C4"
        },
        {
            "nome": "Gorgeous Granite Hat",
            "descricao": "Dibbert - Johnson's most advanced Bacon technology increases rotten capabilities",
            "preco": 200,
            "quantidade": 8,
            "_id": "HxjizYC0sIBLeE4u"
        },
        {
            "nome": "Generic Rubber Mouse",
            "preco": 107,
            "descricao": "Innovative Pants featuring honored technology and Gold construction",
            "quantidade": 9,
            "_id": "I6EpbTNdb8a6ap8w"
        },
        {
            "nome": "Modern Steel Hat - Atualizado",
            "preco": 107,
            "descricao": "Emmerich - Reichel's most advanced Sausages technology increases early capabilities (rev)",
            "quantidade": 3,
            "_id": "IREAVqOaXdv6vpeP"
        },
        {
            "nome": "Recycled Rubber Pants",
            "preco": 107,
            "descricao": "Professional-grade Cheese perfect for small training and recreational use",
            "quantidade": 7,
            "_id": "IVxe4wnUjmwE3G2B"
        },
        {
            "nome": "Frozen Bronze Cheese",
            "preco": 107,
            "descricao": "Innovative Fish featuring bad technology and Cotton construction",
            "quantidade": 10,
            "_id": "IdHLIJStvbk9J3uY"
        },
        {
            "nome": "Incredible Cotton Sausages",
            "preco": 107,
            "descricao": "Featuring Sulfur-enhanced technology, our Computer offers unparalleled somber performance",
            "quantidade": 7,
            "_id": "J4uQ0nwAyDIPEB23"
        },
        {
            "nome": "Bespoke Bamboo Chips - Atualizado",
            "preco": 107,
            "descricao": "New Pizza model with 18 GB RAM, 621 GB storage, and concrete features (rev)",
            "quantidade": 3,
            "_id": "JAUyX6mp03Iaj3AG"
        },
        {
            "nome": "Practical Wooden Bike",
            "preco": 107,
            "descricao": "The sleek and ajar Tuna comes with maroon LED lighting for smart functionality",
            "quantidade": 7,
            "_id": "JfOp42EaB2CQyuer"
        },
        {
            "nome": "Handmade Steel Chair",
            "preco": 107,
            "descricao": "Introducing the United States Minor Outlying Islands-inspired Shirt, blending squeaky style with local craftsmanship",
            "quantidade": 2,
            "_id": "Ji6TwqQZigbHoUe0"
        },
        {
            "nome": "Elegant Gold Chair",
            "preco": 107,
            "descricao": "The sleek and other Cheese comes with mint green LED lighting for smart functionality",
            "quantidade": 2,
            "_id": "Jm8bNvmEYW245Qpl"
        },
        {
            "nome": "Bespoke Cotton Shirt",
            "preco": 107,
            "descricao": "Introducing the Mauritius-inspired Fish, blending timely style with local craftsmanship",
            "quantidade": 3,
            "_id": "JmRB0W0PxXNPTBCF"
        },
        {
            "nome": "FiltroProd-1765399640281 - Único",
            "preco": 150,
            "descricao": "Featuring Polonium-enhanced technology, our Shoes offers unparalleled puzzled performance",
            "quantidade": 3,
            "_id": "Jn9JR9q4kMPO67UI"
        },
        {
            "nome": "Fantastic Gold Ball",
            "preco": 107,
            "descricao": "The sleek and adolescent Sausages comes with turquoise LED lighting for smart functionality",
            "quantidade": 10,
            "_id": "JwzYXiLmpeqOCPWh"
        },
        {
            "nome": "Handcrafted Silk Computer - Atualizado",
            "preco": 107,
            "descricao": "New Bacon model with 63 GB RAM, 595 GB storage, and worthy features (rev)",
            "quantidade": 3,
            "_id": "JzMQ8R0tgThMWOgg"
        },
        {
            "nome": "Incredible Bamboo Keyboard",
            "preco": 107,
            "descricao": "Stylish Fish designed to make you stand out with mixed looks",
            "quantidade": 2,
            "_id": "K4LFvLpAwtiNl68A"
        },
        {
            "nome": "Luxurious Silk Bike - Atualizado",
            "preco": 107,
            "descricao": "Discover the frog-like agility of our Table, perfect for nutritious users (rev)",
            "quantidade": 3,
            "_id": "K4hIGYk7QAZ9VXSv"
        },
        {
            "nome": "Practical Cotton Mouse",
            "preco": 107,
            "descricao": "Innovative Table featuring jumbo technology and Rubber construction",
            "quantidade": 2,
            "_id": "K61KXyorzESheK1t"
        },
        {
            "nome": "Samsung 60 polegadas",
            "preco": 5240,
            "descricao": "TV",
            "quantidade": 49977,
            "_id": "K6leHdftCeOJj8BJ"
        },
        {
            "nome": "Ergonomic Bamboo Chips",
            "preco": 107,
            "descricao": "Featuring Berkelium-enhanced technology, our Table offers unparalleled damp performance",
            "quantidade": 3,
            "_id": "KAZDhi2qSvltr2y9"
        },
        {
            "nome": "Handcrafted Bronze Bike",
            "preco": 107,
            "descricao": "The Extended national concept Fish offers reliable performance and chubby design",
            "quantidade": 7,
            "_id": "KDtimRWsjrsaM9cu"
        },
        {
            "nome": "Fantastic Aluminum Tuna",
            "preco": 107,
            "descricao": "The Domenick Car is the latest in a series of cuddly products from Christiansen, Heller and Medhurst",
            "quantidade": 10,
            "_id": "KOdaXbfcYdIgnZf4"
        },
        {
            "nome": "Bespoke Steel Shoes",
            "descricao": "Featuring Actinium-enhanced technology, our Cheese offers unparalleled handy performance",
            "preco": 200,
            "quantidade": 8,
            "_id": "Kd4za0GpgdQn6E3q"
        },
        {
            "nome": "Incredible Concrete Salad",
            "preco": 107,
            "descricao": "The sky blue Ball combines Togo aesthetics with Beryllium-based durability",
            "quantidade": 3,
            "_id": "Kf9R610aucbZfYcT"
        },
        {
            "nome": "Fresh Gold Chips",
            "preco": 150,
            "descricao": "Legros - Littel's most advanced Mouse technology increases sarcastic capabilities",
            "quantidade": 3,
            "_id": "KxiN6DJyd2oz22Ze"
        },
        {
            "nome": "Rustic Rubber Towels",
            "descricao": "Stylish Towels designed to make you stand out with liquid looks",
            "preco": 200,
            "quantidade": 8,
            "_id": "KzSqq5xeJT8bDVah"
        },
        {
            "nome": "Recycled Steel Shirt",
            "preco": 107,
            "descricao": "Our giraffe-friendly Ball ensures scented comfort for your pets",
            "quantidade": 2,
            "_id": "L1LUn3kMAXDuy9O4"
        },
        {
            "nome": "FiltroProd-1765399137216 - Único",
            "preco": 150,
            "descricao": "The sky blue Chicken combines Chile aesthetics with Fluorine-based durability",
            "quantidade": 3,
            "_id": "LIzMqt9QwhnKV2oj"
        },
        {
            "nome": "Fresh Plastic Salad",
            "preco": 107,
            "descricao": "Our squirrel-friendly Cheese ensures indelible comfort for your pets",
            "quantidade": 2,
            "_id": "LVQC2IotfzWgV4PK"
        },
        {
            "nome": "Handmade Plastic Pants",
            "preco": 107,
            "descricao": "Professional-grade Tuna perfect for respectful training and recreational use",
            "quantidade": 7,
            "_id": "LWKwlTZjbHQWyWJh"
        },
        {
            "nome": "Oriental Steel Shoes",
            "preco": 107,
            "descricao": "Innovative Chair featuring self-reliant technology and Cotton construction",
            "quantidade": 10,
            "_id": "LWusjp5pytHDx3HN"
        },
        {
            "nome": "FiltroProd-1765408794350 - Unico",
            "preco": 150,
            "descricao": "O'Conner Group's most advanced Shoes technology increases major capabilities",
            "quantidade": 3,
            "_id": "LglRgI5dWAyEGrJQ"
        },
        {
            "nome": "Recycled Wooden Pants - Atualizado",
            "preco": 107,
            "descricao": "The Team-oriented zero tolerance analyzer Keyboard offers reliable performance and lucky design (rev)",
            "quantidade": 3,
            "_id": "LkqTEtv9VtvAE9d9"
        },
        {
            "nome": "Gorgeous Silk Cheese",
            "preco": 107,
            "descricao": "Featuring Ytterbium-enhanced technology, our Table offers unparalleled lighthearted performance",
            "quantidade": 2,
            "_id": "Lz6DECM9eqEccJqk"
        },
        {
            "nome": "Frozen Aluminum Chips",
            "preco": 107,
            "descricao": "Innovative Keyboard featuring criminal technology and Aluminum construction",
            "quantidade": 2,
            "_id": "M8NsLnTGnp91rcNF"
        },
        {
            "nome": "Handcrafted Wooden Fish",
            "preco": 107,
            "descricao": "New tan Pizza with ergonomic design for blaring comfort",
            "quantidade": 7,
            "_id": "M8RDklcn204q13CP"
        },
        {
            "nome": "Licensed Cotton Chips",
            "preco": 107,
            "descricao": "The Exclusive scalable strategy Chicken offers reliable performance and determined design",
            "quantidade": 2,
            "_id": "M8V0D0ZOXktmYH0w"
        },
        {
            "nome": "Licensed Concrete Chips",
            "preco": 107,
            "descricao": "Stylish Ball designed to make you stand out with defenseless looks",
            "quantidade": 10,
            "_id": "MDvPSHNemj7ll5Zy"
        },
        {
            "nome": "Incredible Aluminum Ball",
            "preco": 107,
            "descricao": "New tan Pants with ergonomic design for back comfort",
            "quantidade": 3,
            "_id": "MHZa8DNXbGwsz0u8"
        },
        {
            "nome": "Refined Silk Pants",
            "preco": 107,
            "descricao": "Featuring Neodymium-enhanced technology, our Mouse offers unparalleled sweet performance",
            "quantidade": 3,
            "_id": "MLLpAFunNqsZYPeh"
        },
        {
            "nome": "Handmade Metal Pizza",
            "preco": 107,
            "descricao": "New white Shoes with ergonomic design for elegant comfort",
            "quantidade": 0,
            "_id": "MUADhSCANj47heQJ"
        },
        {
            "nome": "Fantastic Silk Hat",
            "preco": 470,
            "descricao": "Mouse",
            "quantidade": 8,
            "_id": "NHv1ionOjvmYa61S"
        },
        {
            "nome": "Incredible Metal Fish",
            "preco": 470,
            "descricao": "Mouse",
            "quantidade": 8,
            "_id": "NJhJm674W1g057FN"
        },
        {
            "nome": "Intelligent Ceramic Gloves",
            "preco": 107,
            "descricao": "Featuring Tennessine-enhanced technology, our Shoes offers unparalleled winged performance",
            "quantidade": 2,
            "_id": "NMa3K6j0U5p3sd0L"
        },
        {
            "nome": "Licensed Bamboo Bike",
            "descricao": "Introducing the Azerbaijan-inspired Computer, blending scented style with local craftsmanship",
            "preco": 200,
            "quantidade": 8,
            "_id": "NU6SuwVuGXk1rXCi"
        },
        {
            "nome": "Sleek Ceramic Car",
            "preco": 107,
            "descricao": "Discover the remorseful new Chips with an exciting mix of Steel ingredients",
            "quantidade": 3,
            "_id": "NWrcyukwoHa4ZIy9"
        },
        {
            "nome": "Oriental Bamboo Gloves",
            "preco": 100,
            "descricao": "Our kangaroo-friendly Pizza ensures ill comfort for your pets",
            "quantidade": 8,
            "_id": "Nau0SRRgXS5rdgrh"
        },
        {
            "nome": "Modern Concrete Pants",
            "preco": 107,
            "descricao": "The Customizable next generation artificial intelligence Chair offers reliable performance and wobbly design",
            "quantidade": 3,
            "_id": "NeNCEKfSt3ONQkY3"
        },
        {
            "nome": "Refined Plastic Table",
            "preco": 300,
            "descricao": "Our fresh-inspired Cheese brings a taste of luxury to your slimy lifestyle",
            "quantidade": 3,
            "_id": "Nhh1QolwUauISmiI"
        },
        {
            "nome": "Refined Gold Gloves",
            "preco": 107,
            "descricao": "Introducing the Martinique-inspired Pants, blending good style with local craftsmanship",
            "quantidade": 2,
            "_id": "Nn4GtiqNaE1U526N"
        },
        {
            "nome": "Luxurious Gold Chair",
            "preco": 107,
            "descricao": "Discover the wolf-like agility of our Fish, perfect for wise users",
            "quantidade": 3,
            "_id": "Nrn3FsBZeaMls9mS"
        },
        {
            "nome": "Licensed Concrete Sausages",
            "preco": 100,
            "descricao": "New Hat model with 88 GB RAM, 701 GB storage, and motionless features",
            "quantidade": 8,
            "_id": "Ntv1ZAmeZreIkzMk"
        },
        {
            "nome": "Electronic Ceramic Cheese",
            "preco": 107,
            "descricao": "Professional-grade Mouse perfect for unselfish training and recreational use",
            "quantidade": 3,
            "_id": "O5xBGPH7atq8UtME"
        },
        {
            "nome": "Bespoke Granite Towels",
            "preco": 300,
            "descricao": "Savor the crispy essence in our Bacon, designed for sorrowful culinary adventures",
            "quantidade": 3,
            "_id": "OCXu3nNcFaKdCAoS"
        },
        {
            "nome": "Unbranded Marble Chips",
            "preco": 100,
            "descricao": "Featuring Chromium-enhanced technology, our Tuna offers unparalleled spanish performance",
            "quantidade": 8,
            "_id": "ODUOHgZChJuNRo4q"
        },
        {
            "nome": "Produto Carrinho 1765372347909",
            "preco": 200,
            "descricao": "Produto para carrinho",
            "quantidade": 4,
            "_id": "OHRsGFF173t9BB2h"
        },
        {
            "nome": "Electronic Plastic Pizza",
            "preco": 107,
            "descricao": "The sleek and plump Keyboard comes with ivory LED lighting for smart functionality",
            "quantidade": 3,
            "_id": "OIJmavLt6tFw72vy"
        },
        {
            "nome": "Handcrafted Cotton Fish",
            "preco": 107,
            "descricao": "The Immersive transitional adapter Computer offers reliable performance and aching design",
            "quantidade": 7,
            "_id": "ORLBlIH9Bf8yzyUI"
        },
        {
            "nome": "Refined Aluminum Car",
            "preco": 107,
            "descricao": "New lavender Car with ergonomic design for known comfort",
            "quantidade": 3,
            "_id": "OXAY3MBB4H73UE81"
        },
        {
            "nome": "Rustic Granite Mouse",
            "preco": 107,
            "descricao": "The Cross-platform content-based budgetary management Computer offers reliable performance and peppery design",
            "quantidade": 3,
            "_id": "OiG4tH0gmMVbFc9g"
        },
        {
            "nome": "Licensed Granite Shirt",
            "preco": 107,
            "descricao": "New Salad model with 8 GB RAM, 398 GB storage, and shadowy features",
            "quantidade": 2,
            "_id": "Opufq3Z84JtR5fij"
        },
        {
            "nome": "Rustic Bamboo Pants",
            "preco": 107,
            "descricao": "Featuring Helium-enhanced technology, our Mouse offers unparalleled classic performance",
            "quantidade": 2,
            "_id": "P4hMhmRAURFxpokS"
        },
        {
            "nome": "Fresh Bronze Tuna",
            "preco": 107,
            "descricao": "New Cheese model with 87 GB RAM, 505 GB storage, and judicious features",
            "quantidade": 2,
            "_id": "P8VhKnQ2qB1pcELS"
        },
        {
            "nome": "Oriental Aluminum Shirt",
            "preco": 107,
            "descricao": "Introducing the Comoros-inspired Ball, blending incomparable style with local craftsmanship",
            "quantidade": 7,
            "_id": "PG8Mnk3c51lRCbC9"
        },
        {
            "nome": "Sleek Gold Cheese",
            "preco": 107,
            "descricao": "Our whale-friendly Soap ensures rare comfort for your pets",
            "quantidade": 10,
            "_id": "PH2ecnZx2JHQWFtb"
        },
        {
            "nome": "Gorgeous Ceramic Tuna",
            "preco": 150,
            "descricao": "The Mia Chicken is the latest in a series of concrete products from Hahn - Adams",
            "quantidade": 3,
            "_id": "PHYRJJCj3rMNeiTC"
        },
        {
            "nome": "Handcrafted Silk Tuna",
            "preco": 107,
            "descricao": "Featuring Lanthanum-enhanced technology, our Ball offers unparalleled quick performance",
            "quantidade": 3,
            "_id": "PIwJouUxx32X7kTd"
        },
        {
            "nome": "Recycled Cotton Table",
            "preco": 107,
            "descricao": "The sleek and shadowy Towels comes with pink LED lighting for smart functionality",
            "quantidade": 2,
            "_id": "PNE1IEby5nfgqI3D"
        },
        {
            "nome": "Refined Cotton Ball",
            "preco": 470,
            "descricao": "Mouse",
            "quantidade": 8,
            "_id": "PSLxAnGgwllHT5GR"
        },
        {
            "nome": "Tasty Bronze Bacon",
            "preco": 107,
            "descricao": "Maggio, Schoen and Ondricka's most advanced Bacon technology increases writhing capabilities",
            "quantidade": 10,
            "_id": "PUOJwY5EEHBdp8dB"
        },
        {
            "nome": "Bespoke Concrete Car",
            "descricao": "Refined Chips designed with Bronze for winding performance",
            "preco": 200,
            "quantidade": 8,
            "_id": "PXDoDG7NTL2K4N9H"
        },
        {
            "nome": "Cleora",
            "preco": 199,
            "descricao": "Produto atualizado via PUT e ID gerado",
            "quantidade": 1,
            "_id": "PXi7x8tWVZF1iPk6"
        },
        {
            "nome": "Licensed Aluminum Bike",
            "preco": 107,
            "descricao": "Featuring Lithium-enhanced technology, our Ball offers unparalleled lonely performance",
            "quantidade": 7,
            "_id": "PXrijN76RWxNRALl"
        },
        {
            "nome": "Modern Rubber Salad",
            "preco": 300,
            "descricao": "The Henri Fish is the latest in a series of turbulent products from Heathcote - Hauck",
            "quantidade": 3,
            "_id": "PYd1TDFleuVVcFIB"
        },
        {
            "nome": "Handcrafted Bamboo Shirt",
            "preco": 107,
            "descricao": "Innovative Towels featuring unsung technology and Rubber construction",
            "quantidade": 2,
            "_id": "PhjRIDge3JPjkgyf"
        },
        {
            "nome": "FiltroProd-1765408842945 - Unico",
            "preco": 150,
            "descricao": "The Dylan Keyboard is the latest in a series of known products from Blanda, Morar and Stracke",
            "quantidade": 3,
            "_id": "PiSGIUPhlPYDRKeg"
        },
        {
            "nome": "Gorgeous Gold Chair",
            "preco": 107,
            "descricao": "Discover the warlike new Tuna with an exciting mix of Bamboo ingredients",
            "quantidade": 2,
            "_id": "Q6ZqYvuhJnpPQdUC"
        },
        {
            "nome": "Intelligent Metal Tuna",
            "preco": 107,
            "descricao": "Our kangaroo-friendly Gloves ensures youthful comfort for your pets",
            "quantidade": 2,
            "_id": "QIdsr8aFICpn7Uqr"
        },
        {
            "nome": "Handcrafted Granite Sausages",
            "preco": 107,
            "descricao": "Introducing the Sint Maarten-inspired Tuna, blending self-reliant style with local craftsmanship",
            "quantidade": 7,
            "_id": "QMwUEko3tEhHCrRN"
        },
        {
            "nome": "Handmade Wooden Mouse",
            "preco": 150,
            "descricao": "Professional-grade Chicken perfect for muddy training and recreational use",
            "quantidade": 3,
            "_id": "QdPrysgKbQnFdgUf"
        },
        {
            "nome": "Generic Granite Fish",
            "preco": 107,
            "descricao": "Collier, O'Connell and Brekke's most advanced Chair technology increases french capabilities",
            "quantidade": 9,
            "_id": "QinstFpxB901SiAX"
        },
        {
            "nome": "Generic Concrete Ball",
            "preco": 107,
            "descricao": "The Tressie Table is the latest in a series of taut products from Krajcik, Harris and Stamm",
            "quantidade": 2,
            "_id": "Qn4C02MBZKe88haj"
        },
        {
            "nome": "Licensed Concrete Hat",
            "preco": 100,
            "descricao": "Stylish Bike designed to make you stand out with meaty looks",
            "quantidade": 8,
            "_id": "Qx4u8HE5tXSHj2YP"
        },
        {
            "nome": "Fantastic Silk Ball",
            "preco": 107,
            "descricao": "Our dog-friendly Ball ensures ragged comfort for your pets",
            "quantidade": 3,
            "_id": "Qz1Lj1Zrumb0isoG"
        },
        {
            "nome": "Intelligent Granite Tuna",
            "preco": 107,
            "descricao": "Our peacock-friendly Keyboard ensures outrageous comfort for your pets",
            "quantidade": 10,
            "_id": "QzhhfTB8aTEyWoNA"
        },
        {
            "nome": "Oriental Bamboo Pizza",
            "descricao": "The Mathilde Pizza is the latest in a series of left products from Gulgowski, Tremblay and Yost",
            "preco": 200,
            "quantidade": 8,
            "_id": "RJxX08Jyu8i26VMg"
        },
        {
            "nome": "Electronic Bronze Shirt",
            "preco": 107,
            "descricao": "Innovative Shirt featuring helpless technology and Concrete construction",
            "quantidade": 0,
            "_id": "RNnd5E6IlBSIcy0j"
        },
        {
            "nome": "Unbranded Rubber Hat",
            "preco": 107,
            "descricao": "Walter LLC's most advanced Chair technology increases impressionable capabilities",
            "quantidade": 2,
            "_id": "RUMdnFrcxfM3WMBq"
        },
        {
            "nome": "Produto-Dup-1765408847699",
            "preco": 470,
            "descricao": "Mouse",
            "quantidade": 381,
            "_id": "RY80pa85MGyF7fpG"
        },
        {
            "nome": "Fresh Cotton Chips",
            "preco": 107,
            "descricao": "Experience the magenta brilliance of our Sausages, perfect for shady environments",
            "quantidade": 2,
            "_id": "RkFJLAN69CkCmoMY"
        },
        {
            "nome": "Electronic Metal Bacon",
            "preco": 107,
            "descricao": "Stylish Hat designed to make you stand out with rich looks",
            "quantidade": 3,
            "_id": "RlpX4KLwmE7tjVXJ"
        },
        {
            "nome": "Practical Steel Cheese",
            "preco": 107,
            "descricao": "Innovative Chair featuring unique technology and Metal construction",
            "quantidade": 2,
            "_id": "RthV79UOQE01BweU"
        },
        {
            "nome": "Oriental Metal Shirt",
            "preco": 107,
            "descricao": "Innovative Bike featuring proper technology and Steel construction",
            "quantidade": 0,
            "_id": "S16nqHLpPkJQwM2I"
        },
        {
            "nome": "Frozen Steel Towels",
            "preco": 107,
            "descricao": "Experience the green brilliance of our Pants, perfect for blaring environments",
            "quantidade": 2,
            "_id": "S5L76iWlN2Z0lvB4"
        },
        {
            "nome": "Recycled Bronze Ball",
            "preco": 300,
            "descricao": "Ergonomic Pants made with Plastic for all-day noted support",
            "quantidade": 3,
            "_id": "SAP9bANz64sYHiyO"
        },
        {
            "nome": "Handcrafted Cotton Chair",
            "preco": 107,
            "descricao": "Featuring Cadmium-enhanced technology, our Car offers unparalleled wrong performance",
            "quantidade": 2,
            "_id": "SGPJcXG0Ng9hY3iR"
        },
        {
            "nome": "Sleek Silk Tuna",
            "preco": 107,
            "descricao": "The sleek and genuine Chips comes with yellow LED lighting for smart functionality",
            "quantidade": 9,
            "_id": "SYwgIx6lCk2Jl7Xr"
        },
        {
            "nome": "Gorgeous Bamboo Towels",
            "preco": 300,
            "descricao": "Featuring Tantalum-enhanced technology, our Ball offers unparalleled minor performance",
            "quantidade": 3,
            "_id": "T7P0KJJQoOOrahsz"
        },
        {
            "nome": "Recycled Marble Chips",
            "preco": 107,
            "descricao": "Professional-grade Tuna perfect for standard training and recreational use",
            "quantidade": 0,
            "_id": "TDQ9rfl3mJIR9vxJ"
        },
        {
            "nome": "Modern Steel Shoes",
            "preco": 100,
            "descricao": "Featuring Selenium-enhanced technology, our Mouse offers unparalleled scratchy performance",
            "quantidade": 10,
            "_id": "TGJwixDN8KKHql0M"
        },
        {
            "nome": "Elegant Rubber Computer",
            "preco": 150,
            "descricao": "The lavender Gloves combines New Zealand aesthetics with Americium-based durability",
            "quantidade": 3,
            "_id": "TVGd372dMya9ndGc"
        },
        {
            "nome": "Refined Gold Pants",
            "preco": 107,
            "descricao": "New mint green Table with ergonomic design for thrifty comfort",
            "quantidade": 7,
            "_id": "TgkV1Na4AQ7IwN7i"
        },
        {
            "nome": "Sleek Bamboo Chips",
            "preco": 107,
            "descricao": "Innovative Bacon featuring impressive technology and Bronze construction",
            "quantidade": 3,
            "_id": "ToFolAAkNCHK58WF"
        },
        {
            "nome": "Recycled Bamboo Table",
            "preco": 107,
            "descricao": "Professional-grade Bike perfect for grandiose training and recreational use",
            "quantidade": 3,
            "_id": "Ts2rhRiOmaxB7NnC"
        },
        {
            "nome": "Intelligent Plastic Bike",
            "preco": 150,
            "descricao": "Innovative Car featuring smoggy technology and Cotton construction",
            "quantidade": 3,
            "_id": "TtG6NZpWHjFU4mKd"
        },
        {
            "nome": "Practical Aluminum Chips",
            "preco": 107,
            "descricao": "Our lion-friendly Shirt ensures extra-large comfort for your pets",
            "quantidade": 9,
            "_id": "TxU4A6DwX3s0yIq3"
        },
        {
            "nome": "Gorgeous Cotton Tuna",
            "preco": 107,
            "descricao": "Featuring Oxygen-enhanced technology, our Fish offers unparalleled shadowy performance",
            "quantidade": 2,
            "_id": "U39eJCGU4BOomBUF"
        },
        {
            "nome": "Bespoke Gold Ball",
            "preco": 107,
            "descricao": "The lime Chicken combines Iraq aesthetics with Vanadium-based durability",
            "quantidade": 10,
            "_id": "UQYF5jQgeGGTVxbI"
        },
        {
            "nome": "Intelligent Marble Tuna",
            "preco": 107,
            "descricao": "The green Towels combines Philippines aesthetics with Plutonium-based durability",
            "quantidade": 10,
            "_id": "UVbynixi4RPjIUjq"
        },
        {
            "nome": "Sleek Silk Towels",
            "preco": 107,
            "descricao": "New ivory Shirt with ergonomic design for only comfort",
            "quantidade": 3,
            "_id": "Ubg70K3U0t1Qm6Nb"
        },
        {
            "nome": "Fantastic Aluminum Car",
            "preco": 107,
            "descricao": "Stylish Keyboard designed to make you stand out with shrill looks",
            "quantidade": 0,
            "_id": "Um5YaJLhifT696bK"
        },
        {
            "nome": "Handmade Bronze Tuna",
            "preco": 107,
            "descricao": "The violet Mouse combines Samoa aesthetics with Oganesson-based durability",
            "quantidade": 7,
            "_id": "UqC7JGbsrZch9GP0"
        },
        {
            "nome": "Fantastic Silk Tuna",
            "preco": 107,
            "descricao": "Featuring Copper-enhanced technology, our Gloves offers unparalleled straight performance",
            "quantidade": 9,
            "_id": "UwUtMkU3iFCjpnBu"
        },
        {
            "nome": "Refined Marble Sausages",
            "preco": 107,
            "descricao": "Stylish Car designed to make you stand out with thick looks",
            "quantidade": 7,
            "_id": "V0tmf8vIInCG4HAW"
        },
        {
            "nome": "Oriental Granite Sausages",
            "preco": 107,
            "descricao": "Stylish Cheese designed to make you stand out with corrupt looks",
            "quantidade": 9,
            "_id": "VHOZYusZM5bBC63w"
        },
        {
            "nome": "Fresh Granite Tuna",
            "descricao": "The violet Keyboard combines Italy aesthetics with Bromine-based durability",
            "preco": 200,
            "quantidade": 8,
            "_id": "VJWS1klTEzqvLNgr"
        },
        {
            "nome": "Gorgeous Rubber Hat",
            "preco": 107,
            "descricao": "Our dolphin-friendly Mouse ensures idolized comfort for your pets",
            "quantidade": 2,
            "_id": "VLdsY68nf5AERSfS"
        },
        {
            "nome": "Small Bamboo Towels",
            "preco": 150,
            "descricao": "Featuring Silicon-enhanced technology, our Table offers unparalleled steep performance",
            "quantidade": 3,
            "_id": "VQapufNp2hsbspPO"
        },
        {
            "nome": "Handmade Concrete Hat",
            "preco": 107,
            "descricao": "Discover the gorilla-like agility of our Ball, perfect for motionless users",
            "quantidade": 3,
            "_id": "VrIP6wgOXI1xSYLw"
        },
        {
            "nome": "Incredible Metal Mouse",
            "preco": 107,
            "descricao": "The sleek and chubby Pants comes with lavender LED lighting for smart functionality",
            "quantidade": 2,
            "_id": "Vzc91zQgh4obU7z6"
        },
        {
            "nome": "FiltroProd-1765395545205 - B",
            "preco": 200,
            "descricao": "The teal Cheese combines Central African Republic aesthetics with Aluminium-based durability",
            "quantidade": 3,
            "_id": "WCNIkuwkDeH9Z2Yn"
        },
        {
            "nome": "Elegant Bronze Chair",
            "preco": 107,
            "descricao": "Our smoky-inspired Bike brings a taste of luxury to your brown lifestyle",
            "quantidade": 10,
            "_id": "WPnTbC1cTLXdnxXy"
        },
        {
            "nome": "Handmade Concrete Pizza",
            "preco": 107,
            "descricao": "Innovative Pants featuring nippy technology and Metal construction",
            "quantidade": 3,
            "_id": "WRWZEPvCptlyl4SE"
        },
        {
            "nome": "FiltroProd-1765397335221 - Único",
            "preco": 150,
            "descricao": "Savor the zesty essence in our Mouse, designed for soggy culinary adventures",
            "quantidade": 3,
            "_id": "WVjeHSO9UhMVMvLa"
        },
        {
            "nome": "Incredible Concrete Sausages",
            "preco": 107,
            "descricao": "The sleek and gracious Ball comes with plum LED lighting for smart functionality",
            "quantidade": 3,
            "_id": "WYrjSKvm54nDYqUL"
        },
        {
            "nome": "Frozen Cotton Computer",
            "preco": 300,
            "descricao": "The gold Ball combines Micronesia aesthetics with Gold-based durability",
            "quantidade": 3,
            "_id": "WcsxoiMtclaUkVkB"
        },
        {
            "nome": "Sleek Silk Car",
            "preco": 107,
            "descricao": "Our bat-friendly Table ensures obedient comfort for your pets",
            "quantidade": 7,
            "_id": "Wekcp8GsrOE3Fctf"
        },
        {
            "preco": 123,
            "nome": "Produto API Test 1765407945719",
            "quantidade": 10,
            "descricao": "Produto criado via API - teste",
            "_id": "Wi7HigKSwifMATbN"
        },
        {
            "nome": "Unbranded Granite Chips",
            "preco": 107,
            "descricao": "Discover the bee-like agility of our Soap, perfect for wicked users",
            "quantidade": 2,
            "_id": "WpdEaRRJcZyrfgV5"
        },
        {
            "nome": "Recycled Concrete Computer",
            "preco": 107,
            "descricao": "Discover the scaly new Soap with an exciting mix of Granite ingredients",
            "quantidade": 0,
            "_id": "WsmgXqtFU3uwMMoe"
        },
        {
[...]
            "preco": 107,
            "descricao": "Discover the ornate new Hat with an exciting mix of Cotton ingredients",
            "quantidade": 10,
            "_id": "s1xXxslOfVhSFHA8"
        },
        {
            "nome": "Elegant Granite Ball",
            "preco": 107,
            "descricao": "The User-friendly composite capability Shirt offers reliable performance and afraid design",
            "quantidade": 10,
            "_id": "s52GYddGpgc3LsmN"
        },
        {
            "nome": "Soft Silk Tuna",
            "preco": 107,
            "descricao": "The sleek and splendid Hat comes with ivory LED lighting for smart functionality",
            "quantidade": 2,
            "_id": "sBWtdyayzJKWeFXC"
        },
        {
            "nome": "Awesome Cotton Computer",
            "preco": 107,
            "descricao": "The sleek and uniform Salad comes with olive LED lighting for smart functionality",
            "quantidade": 9,
            "_id": "sWx7rfzXjGmHkvh4"
        },
        {
            "nome": "Unbranded Steel Chips",
            "preco": 107,
            "descricao": "Ortiz LLC's most advanced Table technology increases surprised capabilities",
            "quantidade": 3,
            "_id": "sYkwtZ35RuSqRkVH"
        },
        {
            "nome": "Electronic Wooden Hat",
            "preco": 470,
            "descricao": "Mouse",
            "quantidade": 8,
            "_id": "sa4iQnCrXhnN7eeh"
        },
        {
            "nome": "Electronic Steel Ball",
            "preco": 107,
            "descricao": "The lime Car combines Isle of Man aesthetics with Technetium-based durability",
            "quantidade": 7,
            "_id": "siDKD4XUQvZnayqS"
        },
        {
            "nome": "Fantastic Gold Chair",
            "preco": 107,
            "descricao": "Innovative Car featuring substantial technology and Marble construction",
            "quantidade": 9,
            "_id": "slxgRFPRw7ty4LgI"
        },
        {
            "nome": "Produto-Dup-1765399634363",
            "preco": 470,
            "descricao": "Mouse",
            "quantidade": 381,
            "_id": "t2XVbXGzSrDx1yQN"
        },
        {
            "nome": "Produto-Dup-1765399306730",
            "preco": 470,
            "descricao": "Mouse",
            "quantidade": 381,
            "_id": "tITEp3OMTtO6kcXa"
        },
        {
            "nome": "Electronic Steel Bike",
            "preco": 107,
            "descricao": "Discover the squirrel-like agility of our Soap, perfect for well-to-do users",
            "quantidade": 2,
            "_id": "tL8NGSG419ry5OEQ"
        },
        {
            "nome": "Produto Front 1765394797572",
            "preco": 999,
            "descricao": "Produto criado via teste E2E no frontend",
            "quantidade": 5,
            "_id": "tNrGeL17IlyV03dX"
        },
        {
            "nome": "Tasty Bronze Towels",
            "preco": 107,
            "descricao": "Discover the firm new Fish with an exciting mix of Aluminum ingredients",
            "quantidade": 2,
            "_id": "tOqylZaoGmv5wsyX"
        },
        {
            "nome": "Soft Bamboo Chair",
            "preco": 107,
            "descricao": "Stylish Cheese designed to make you stand out with pointed looks",
            "quantidade": 3,
            "_id": "tR5MlTh5P6EDHmMn"
        },
        {
            "nome": "Fresh Aluminum Shirt",
            "preco": 470,
            "descricao": "Mouse",
            "quantidade": 8,
            "_id": "taeiNYObOrTcuJ9s"
        },
        {
            "nome": "Incredible Wooden Chair",
            "preco": 107,
            "descricao": "Professional-grade Bike perfect for impeccable training and recreational use",
            "quantidade": 2,
            "_id": "tn4DMA5iuqjXKvOn"
        },
        {
            "nome": "Incredible Metal Ball",
            "preco": 300,
            "descricao": "Discover the shark-like agility of our Ball, perfect for trusting users",
            "quantidade": 3,
            "_id": "tsGp9liSSbZSI2ae"
        },
        {
            "nome": "Sleek Marble Keyboard",
            "preco": 107,
            "descricao": "Stylish Shirt designed to make you stand out with sugary looks",
            "quantidade": 2,
            "_id": "tscGbUltoN8YJ0Qg"
        },
        {
            "nome": "Handcrafted Bronze Bacon",
            "preco": 107,
            "descricao": "Stylish Sausages designed to make you stand out with ragged looks",
            "quantidade": 2,
            "_id": "tx37SHMtiApBYUKS"
        },
        {
            "nome": "Bespoke Silk Pants",
            "preco": 107,
            "descricao": "Savor the tangy essence in our Soap, designed for passionate culinary adventures",
            "quantidade": 2,
            "_id": "u199hpDAJ0qPZVQh"
        },
        {
            "nome": "Sleek Wooden Pants",
            "preco": 107,
            "descricao": "Professional-grade Bike perfect for same training and recreational use",
            "quantidade": 3,
            "_id": "uEM5GuXff36ddGiM"
        },
        {
            "nome": "Incredible Gold Chips",
            "preco": 150,
            "descricao": "New turquoise Shirt with ergonomic design for regal comfort",
            "quantidade": 3,
            "_id": "ucoPf5ulnZ3YECFb"
        },
        {
            "nome": "Modern Cotton Cheese",
            "preco": 107,
            "descricao": "Discover the messy new Shirt with an exciting mix of Plastic ingredients",
            "quantidade": 3,
            "_id": "ueUKbX6nszGq2QO9"
        },
        {
            "nome": "FiltroProd-1765408692947 - Unico",
            "preco": 150,
            "descricao": "The Helena Shoes is the latest in a series of simple products from McGlynn - Hettinger",
            "quantidade": 3,
            "_id": "ul5bixhFLlgismSO"
        },
        {
            "nome": "Frozen Rubber Keyboard",
            "preco": 107,
            "descricao": "Ergonomic Bike made with Steel for all-day irresponsible support",
            "quantidade": 2,
            "_id": "umFmIEZIOi2tqgot"
        },
        {
            "nome": "Modern Plastic Soap",
            "preco": 107,
            "descricao": "Stylish Computer designed to make you stand out with firsthand looks",
            "quantidade": 2,
            "_id": "upHX22bdjU6kakbL"
        },
        {
            "nome": "Elegant Granite Table",
            "preco": 107,
            "descricao": "Our delicious-inspired Soap brings a taste of luxury to your putrid lifestyle",
            "quantidade": 10,
            "_id": "uqaICgJ14TOZ0ZsF"
        },
        {
            "nome": "Fresh Cotton Sausages",
            "preco": 107,
            "descricao": "The sleek and upright Shoes comes with orange LED lighting for smart functionality",
            "quantidade": 10,
            "_id": "ur0s4x9VGR4z36Y4"
        },
        {
            "nome": "Rustic Steel Ball",
            "preco": 107,
            "descricao": "Incredible Cheese designed with Bronze for guilty performance",
            "quantidade": 10,
            "_id": "utJ2P520Gc2b5LEN"
        },
        {
            "nome": "Intelligent Silk Shoes",
            "preco": 107,
            "descricao": "Savor the fluffy essence in our Chair, designed for noxious culinary adventures",
            "quantidade": 10,
            "_id": "uviASYQviy7TLmbQ"
        },
        {
            "nome": "Oriental Bamboo Ball",
            "preco": 107,
            "descricao": "The sleek and wonderful Shirt comes with tan LED lighting for smart functionality",
            "quantidade": 10,
            "_id": "v3T5tCoPhDeWWMKA"
        },
        {
            "preco": 300,
            "nome": "Teclado Mecânico",
            "quantidade": 25,
            "descricao": "Teclado para jogos",
            "_id": "vEloTkgijj4NyyNb"
        },
        {
            "nome": "Ergonomic Bronze Salad",
            "preco": 107,
            "descricao": "The Persevering client-server data-warehouse Towels offers reliable performance and natural design",
            "quantidade": 2,
            "_id": "vFjfFPxeGdDyi9pX"
        },
        {
            "nome": "Electronic Steel Sausages",
            "preco": 107,
            "descricao": "Discover the dolphin-like agility of our Computer, perfect for wide-eyed users",
            "quantidade": 2,
            "_id": "vJexEbX1dmhENeUd"
        },
        {
            "nome": "FiltroProd-1765408948237 - Unico",
            "preco": 150,
            "descricao": "Experience the turquoise brilliance of our Sausages, perfect for both environments",
            "quantidade": 3,
            "_id": "vLRsjIsk7Pymjl4i"
        },
        {
            "nome": "Tasty Granite Ball",
            "preco": 107,
            "descricao": "The Sharable motivating monitoring Fish offers reliable performance and snoopy design",
            "quantidade": 2,
            "_id": "vMtcDMx67vgzGdvW"
        },
        {
            "nome": "Soft Silk Shoes",
            "preco": 107,
            "descricao": "Savor the sweet essence in our Pants, designed for entire culinary adventures",
            "quantidade": 9,
            "_id": "vXroFpAofEx8mBfE"
        },
        {
            "nome": "Handmade Marble Shoes",
            "preco": 107,
            "descricao": "New Cheese model with 64 GB RAM, 629 GB storage, and gleaming features",
            "quantidade": 0,
            "_id": "vai54k9qGDnPqNfw"
        },
        {
            "nome": "Intelligent Silk Computer",
            "preco": 107,
            "descricao": "Discover the unselfish new Car with an exciting mix of Rubber ingredients",
            "quantidade": 10,
            "_id": "vgM8y9Wkv6EqVmfi"
        },
        {
            "nome": "Oriental Steel Shirt",
            "preco": 107,
            "descricao": "Savor the moist essence in our Sausages, designed for favorable culinary adventures",
            "quantidade": 2,
            "_id": "vhGfyBanbilgwhNP"
        },
        {
            "nome": "Soft Silk Chips",
            "preco": 107,
            "descricao": "Discover the careless new Chicken with an exciting mix of Concrete ingredients",
            "quantidade": 2,
            "_id": "vhkTJs3aOC4T5z6P"
        },
        {
            "nome": "Oriental Cotton Car",
            "preco": 107,
            "descricao": "Discover the fox-like agility of our Pants, perfect for steep users",
            "quantidade": 3,
            "_id": "vr2Xj8qCA6IuFV2k"
        },
        {
            "nome": "Frozen Aluminum Bacon - Atualizado",
            "preco": 107,
            "descricao": "The sleek and meaty Hat comes with teal LED lighting for smart functionality (rev)",
            "quantidade": 3,
            "_id": "vrAM7gk5s6m2eABz"
        },
        {
            "nome": "Small Rubber Cheese",
            "preco": 100,
            "descricao": "The lime Pizza combines Venezuela aesthetics with Lithium-based durability",
            "quantidade": 8,
            "_id": "vtXDKmC8ZLZdlfiz"
        },
        {
            "nome": "Handcrafted Rubber Gloves",
            "preco": 107,
            "descricao": "The Managed impactful paradigm Shoes offers reliable performance and frozen design",
            "quantidade": 3,
            "_id": "vzWgePPrCDMhTrqs"
        },
        {
            "nome": "Sleek Ceramic Computer",
            "preco": 107,
            "descricao": "Discover the wolf-like agility of our Fish, perfect for delectable users",
            "quantidade": 2,
            "_id": "wBkyNhV6IV45Qfey"
        },
        {
            "nome": "Small Granite Ball",
            "preco": 107,
            "descricao": "Innovative Gloves featuring artistic technology and Bamboo construction",
            "quantidade": 10,
            "_id": "wCoj88S9RXNl5BC1"
        },
        {
            "nome": "Frozen Bamboo Salad",
            "preco": 107,
            "descricao": "The Eva Pizza is the latest in a series of uneven products from Rath - Baumbach",
            "quantidade": 3,
            "_id": "wNnMvoPK6gY8TD5x"
        },
        {
            "nome": "Recycled Gold Hat",
            "preco": 107,
            "descricao": "The Phased neutral emulation Chair offers reliable performance and glum design",
            "quantidade": 2,
            "_id": "wPh7qX0r3YnID7Ev"
        },
        {
            "nome": "Gorgeous Concrete Gloves",
            "preco": 107,
            "descricao": "Savor the sweet essence in our Ball, designed for fantastic culinary adventures",
            "quantidade": 9,
            "_id": "wW9hjthPLxhAss75"
        },
        {
            "nome": "Frozen Plastic Shoes",
            "preco": 107,
            "descricao": "Our salty-inspired Shoes brings a taste of luxury to your dense lifestyle",
            "quantidade": 10,
            "_id": "wWU1qEexuyiplTHx"
        },
        {
            "nome": "Handcrafted Concrete Bacon",
            "preco": 107,
            "descricao": "Featuring Scandium-enhanced technology, our Sausages offers unparalleled cluttered performance",
            "quantidade": 2,
            "_id": "wp2pUoL9QCSjzN0j"
        },
        {
            "nome": "Produto-Dup-1765408953398",
            "preco": 470,
            "descricao": "Mouse",
            "quantidade": 381,
            "_id": "wp80RYgH7s4np4uF"
        },
        {
            "nome": "Recycled Marble Sausages",
            "preco": 107,
            "descricao": "Innovative Computer featuring bony technology and Plastic construction",
            "quantidade": 2,
            "_id": "wpe01BKLC0D9Y7Bh"
        },
        {
            "nome": "Fantastic Metal Chicken",
            "preco": 107,
            "descricao": "Experience the orange brilliance of our Keyboard, perfect for needy environments",
            "quantidade": 3,
            "_id": "wq7TOY3SfSrFiyhB"
        },
        {
            "nome": "FiltroProd-1765408135012 - Unico",
            "preco": 150,
            "descricao": "Introducing the Ghana-inspired Bike, blending private style with local craftsmanship",
            "quantidade": 3,
            "_id": "wyxu1rW1fmnEub4U"
        },
        {
            "nome": "Generic Gold Bacon",
            "preco": 107,
            "descricao": "Experience the white brilliance of our Car, perfect for livid environments",
            "quantidade": 3,
            "_id": "x53hfLRPT7dUcfNp"
        },
        {
            "nome": "Awesome Metal Cheese",
            "preco": 107,
            "descricao": "Featuring Chromium-enhanced technology, our Tuna offers unparalleled energetic performance",
            "quantidade": 2,
            "_id": "xBfg4ZgnCIccXsTv"
        },
        {
            "nome": "Electronic Gold Car",
            "preco": 107,
            "descricao": "The magenta Cheese combines Falkland Islands (Malvinas) aesthetics with Platinum-based durability",
            "quantidade": 9,
            "_id": "xHzykdOoLvernj43"
        },
        {
            "nome": "Practical Marble Shirt",
            "preco": 107,
            "descricao": "Stylish Pizza designed to make you stand out with miserable looks",
            "quantidade": 10,
            "_id": "xJj5Qt7yu18vWrfH"
        },
        {
            "nome": "Martini VR",
            "preco": 999,
            "descricao": "Óculos Virtual",
            "quantidade": 101,
            "_id": "xVLCGIJCXVD1WXWw"
        },
        {
            "nome": "Ergonomic Concrete Pants",
            "preco": 107,
            "descricao": "Innovative Soap featuring excellent technology and Marble construction",
            "quantidade": 3,
            "_id": "xc7xqiDC0joKs91R"
        },
        {
            "nome": "Fantastic Rubber Gloves",
            "preco": 107,
            "descricao": "New lavender Tuna with ergonomic design for animated comfort",
            "quantidade": 3,
            "_id": "xsmDS7VSHLHE36l5"
        },
        {
            "nome": "Soft Steel Bike",
            "preco": 107,
            "descricao": "Ergonomic Bike made with Bamboo for all-day monstrous support",
            "quantidade": 2,
            "_id": "xxHMf5YAHaDVoFvy"
        },
        {
            "nome": "Ergonomic Ceramic Gloves",
            "preco": 470,
            "descricao": "Mouse",
            "quantidade": 8,
            "_id": "yDRaDleMJsFmE776"
        },
        {
            "nome": "Sleek Granite Chicken",
            "preco": 107,
            "descricao": "The magenta Car combines Democratic Republic of the Congo aesthetics with Praseodymium-based durability",
            "quantidade": 9,
            "_id": "yFnBDcuERbvS9SD3"
        },
        {
            "nome": "Bespoke Gold Bacon",
            "preco": 107,
            "descricao": "Professional-grade Table perfect for ornery training and recreational use",
            "quantidade": 2,
            "_id": "ylvZL1GBbKMEAvQS"
        },
        {
            "nome": "Oriental Ceramic Bike",
            "preco": 107,
            "descricao": "Introducing the Grenada-inspired Mouse, blending weary style with local craftsmanship",
            "quantidade": 2,
            "_id": "yq4Ki5c2nQhCGm9h"
        },
        {
            "nome": "Produto Carrinho 1765394485724",
            "preco": 200,
            "descricao": "Produto para teste de carrinho",
            "quantidade": 10,
            "_id": "yrR786fDTxU0RjiP"
        },
        {
            "nome": "Tasty Bamboo Shirt",
            "preco": 107,
            "descricao": "Stylish Shirt designed to make you stand out with considerate looks",
            "quantidade": 3,
            "_id": "ytiMq39GsDdIPKJb"
        },
        {
            "nome": "Awesome Bronze Car",
            "preco": 107,
            "descricao": "Our golden-inspired Tuna brings a taste of luxury to your giving lifestyle",
            "quantidade": 7,
            "_id": "z283LWLbWxnVFets"
        },
        {
            "nome": "Handmade Marble Sausages",
            "preco": 107,
            "descricao": "Introducing the Bermuda-inspired Table, blending distinct style with local craftsmanship",
            "quantidade": 7,
            "_id": "z4jCGAXFEZSRwetI"
        },
        {
            "nome": "Small Aluminum Salad",
            "preco": 470,
            "descricao": "Mouse",
            "quantidade": 8,
            "_id": "z8tO9q5OEkHI09Zw"
        },
        {
            "nome": "Gorgeous Steel Cheese",
            "preco": 107,
            "descricao": "Our fresh-inspired Hat brings a taste of luxury to your sizzling lifestyle",
            "quantidade": 9,
            "_id": "zJGLvxMtoGrpRlbG"
        },
        {
            "nome": "Unbranded Cotton Fish",
            "preco": 107,
            "descricao": "Our moist-inspired Car brings a taste of luxury to your uncomfortable lifestyle",
            "quantidade": 2,
            "_id": "zJW6bUMrBw58TLjh"
        },
        {
            "nome": "Oriental Bamboo Hat",
            "preco": 100,
            "descricao": "Featuring Fermium-enhanced technology, our Salad offers unparalleled shiny performance",
            "quantidade": 8,
            "_id": "zNrTzRdJUfFWMHB2"
        },
        {
            "nome": "Awesome Cotton Cheese",
            "preco": 107,
            "descricao": "The sky blue Table combines Liberia aesthetics with Lutetium-based durability",
            "quantidade": 2,
            "_id": "zagCWcKoOROyQGZW"
        },
        {
            "nome": "Licensed Wooden Bike",
            "preco": 107,
            "descricao": "The Yvette Salad is the latest in a series of quarrelsome products from Thiel - Ziemann",
            "quantidade": 2,
            "_id": "znExofPJwRXMW5gv"
        }
    ]
}
]]></system-out>
  </testcase>
</testsuite>