<?xml version="1.0" encoding="UTF-8"?>
<testsuite xmlns:xsi="http://www.w3.org/2001/XMLSchema-instance" xsi:noNamespaceSchemaLocation="https://maven.apache.org/surefire/maven-surefire-plugin/xsd/surefire-test-report-3.0.xsd" version="3.0" name="com.example.tests.ServerestE2ETest" time="2.585" tests="1" errors="0" skipped="0" failures="0">
  <properties>
[...]
</properties>
  <testcase name="deveListarProdutoCriado" classname="com.example.tests.ServerestE2ETest" time="2.571">
    <system-out><![CDATA[=== INICIANDO TESTE E2E: CRIAR + LISTAR PRODUTO ===
✔ Usuário admin criado: adminGetProduto1765409838634@test.com
✔ Token obtido: Bearer eyJhbGciOiJIUzI1NiIsInR5cCI6IkpXVCJ9.eyJlbWFpbCI6ImFkbWluR2V0UHJvZHV0bzE3NjU0MDk4Mzg2MzRAdGVzdC5jb20iLCJwYXNzd29yZCI6IjEyMzQiLCJpYXQiOjE3NjU0MDk4MzYsImV4cCI6MTc2NTQxMDQzNn0.FFSioG_yD0u86KFkMogx0_Hw4wI84KeIdaVmKbsRjAU
➡ Criando produto: Produto GET QA 1765409840235
Request method:	POST
Request URI:	https://serverest.dev/produtos
Proxy:			<none>
Request params:	<none>
Query params:	<none>
Form params:	<none>
Path params:	<none>
Headers:		Authorization=Bearer eyJhbGciOiJIUzI1NiIsInR5cCI6IkpXVCJ9.eyJlbWFpbCI6ImFkbWluR2V0UHJvZHV0bzE3NjU0MDk4Mzg2MzRAdGVzdC5jb20iLCJwYXNzd29yZCI6IjEyMzQiLCJpYXQiOjE3NjU0MDk4MzYsImV4cCI6MTc2NTQxMDQzNn0.FFSioG_yD0u86KFkMogx0_Hw4wI84KeIdaVmKbsRjAU
				Accept=*/*
				Content-Type=application/json
Cookies:		<none>
Multiparts:		<none>
Body:
{
    "nome": "Produto GET QA 1765409840235",
    "preco": 500,
    "descricao": "Teste GET",
    "quantidade": 10
}
HTTP/1.1 201 Created
access-control-allow-origin: *
x-dns-prefetch-control: off
x-frame-options: SAMEORIGIN
strict-transport-security: max-age=15552000; includeSubDomains
x-download-options: noopen
x-content-type-options: nosniff
x-xss-protection: 1; mode=block
content-type: application/json; charset=utf-8
x-cloud-trace-context: e1458c4d738425691514ceaa93e41899
date: Wed, 10 Dec 2025 23:37:16 GMT
server: Google Frontend
Content-Length: 82

{
    "message": "Cadastro realizado com sucesso",
    "_id": "9YVA05BQdVJAlOfV"
}
STATUS DO POST /produtos: 201
✔ Produto criado com sucesso! ID: 9YVA05BQdVJAlOfV
Request method:	GET
Request URI:	https://serverest.dev/produtos/9YVA05BQdVJAlOfV
Proxy:			<none>
Request params:	<none>
Query params:	<none>
Form params:	<none>
Path params:	<none>
Headers:		Accept=*/*
Cookies:		<none>
Multiparts:		<none>
Body:			<none>
HTTP/1.1 200 OK
access-control-allow-origin: *
x-dns-prefetch-control: off
x-frame-options: SAMEORIGIN
strict-transport-security: max-age=15552000; includeSubDomains
x-download-options: noopen
x-content-type-options: nosniff
x-xss-protection: 1; mode=block
content-type: application/json; charset=utf-8
x-cloud-trace-context: e23e9ab62557874ca8cf9f5112204f04
date: Wed, 10 Dec 2025 23:37:17 GMT
server: Google Frontend
Content-Length: 147

{
    "nome": "Produto GET QA 1765409840235",
    "preco": 500,
    "descricao": "Teste GET",
    "quantidade": 10,
    "_id": "9YVA05BQdVJAlOfV"
}
✔ Produto encontrado na listagem!
]]></system-out>
  </testcase>
</testsuite>